{"/home/ski/javascript/backbone-forms/distribution/backbone-forms.js":{"path":"/home/ski/javascript/backbone-forms/distribution/backbone-forms.js","s":{"1":1,"2":1,"3":0,"4":1,"5":1,"6":1,"7":168,"8":168,"9":168,"10":168,"11":72,"12":96,"13":96,"14":14,"15":82,"16":2,"17":80,"18":168,"19":168,"20":168,"21":168,"22":168,"23":168,"24":168,"25":168,"26":168,"27":177,"28":177,"29":168,"30":168,"31":172,"32":173,"33":173,"34":181,"35":181,"36":50,"37":131,"38":45,"39":86,"40":181,"41":181,"42":181,"43":16,"44":16,"45":16,"46":1,"47":1,"48":9,"49":9,"50":9,"51":5,"52":5,"53":5,"54":5,"55":8,"56":5,"57":5,"58":5,"59":48,"60":48,"61":48,"62":48,"63":48,"64":49,"65":49,"66":47,"67":2,"68":2,"69":4,"70":4,"71":48,"72":49,"73":49,"74":47,"75":2,"76":2,"77":4,"78":4,"79":48,"80":90,"81":90,"82":46,"83":44,"84":46,"85":48,"86":48,"87":48,"88":1,"89":48,"90":17,"91":17,"92":17,"93":23,"94":23,"95":6,"96":17,"97":2,"98":2,"99":2,"100":2,"101":2,"102":2,"103":2,"104":0,"105":0,"106":0,"107":0,"108":0,"109":0,"110":0,"111":0,"112":17,"113":6,"114":6,"115":6,"116":6,"117":2,"118":4,"119":4,"120":0,"121":4,"122":4,"123":0,"124":52,"125":1,"126":51,"127":51,"128":87,"129":51,"130":5,"131":5,"132":4,"133":1,"134":5,"135":5,"136":8,"137":5,"138":1,"139":1,"140":0,"141":1,"142":10,"143":1,"144":9,"145":9,"146":0,"147":9,"148":5,"149":1,"150":4,"151":5,"152":4,"153":4,"154":34,"155":9,"156":25,"157":6,"158":34,"159":11,"160":11,"161":11,"162":22,"163":11,"164":1,"165":1,"166":1,"167":1,"168":1,"169":1,"170":21,"171":21,"172":35,"173":35,"174":35,"175":18,"176":1,"177":32,"178":0,"179":32,"180":32,"181":105,"182":105,"183":105,"184":13,"185":92,"186":2,"187":92,"188":42,"189":1,"190":11,"191":11,"192":1,"193":1,"194":1,"195":13,"196":13,"197":13,"198":3,"199":10,"200":10,"201":2,"202":8,"203":8,"204":4,"205":1,"206":11,"207":11,"208":1,"209":1,"210":1,"211":1,"212":1,"213":0,"214":1,"215":1,"216":5,"217":5,"218":5,"219":3,"220":2,"221":1,"222":1,"223":1,"224":185,"225":185,"226":185,"227":185,"228":187,"229":171,"230":187,"231":187,"232":11,"233":11,"234":46,"235":45,"236":45,"237":45,"238":46,"239":46,"240":1,"241":45,"242":91,"243":45,"244":45,"245":12,"246":24,"247":12,"248":1,"249":241,"250":241,"251":241,"252":241,"253":241,"254":241,"255":243,"256":57,"257":243,"258":243,"259":243,"260":242,"261":242,"262":242,"263":248,"264":248,"265":248,"266":59,"267":189,"268":3,"269":186,"270":35,"271":151,"272":262,"273":262,"274":262,"275":262,"276":262,"277":98,"278":98,"279":98,"280":98,"281":1,"282":97,"283":97,"284":0,"285":97,"286":0,"287":97,"288":193,"289":193,"290":96,"291":97,"292":97,"293":97,"294":2,"295":1,"296":1,"297":1,"298":1,"299":2,"300":1,"301":1,"302":1,"303":1,"304":26,"305":26,"306":8,"307":18,"308":26,"309":13,"310":1,"311":12,"312":12,"313":20,"314":20,"315":2,"316":89,"317":9,"318":1,"319":1,"320":48,"321":48,"322":1,"323":1,"324":673,"325":673,"326":88,"327":0,"328":88,"329":88,"330":585,"331":134,"332":673,"333":479,"334":673,"335":673,"336":673,"337":673,"338":673,"339":673,"340":1,"341":673,"342":3,"343":884,"344":884,"345":5,"346":2,"347":0,"348":0,"349":4,"350":4,"351":1,"352":3,"353":1,"354":3,"355":3,"356":1,"357":29,"358":29,"359":12,"360":12,"361":12,"362":29,"363":295,"364":105,"365":190,"366":91,"367":295,"368":35,"369":35,"370":1,"371":34,"372":29,"373":1,"374":28,"375":5,"376":2,"377":3,"378":2,"379":2,"380":1,"381":1,"382":3,"383":3,"384":3,"385":2,"386":20,"387":9,"388":364,"389":364,"390":364,"391":364,"392":0,"393":364,"394":3,"395":364,"396":216,"397":216,"398":15,"399":15,"400":15,"401":8,"402":8,"403":115,"404":237,"405":237,"406":119,"407":0,"408":119,"409":11,"410":3,"411":8,"412":1,"413":1,"414":2,"415":1,"416":15,"417":15,"418":1,"419":64,"420":64,"421":64,"422":64,"423":63,"424":0,"425":0,"426":0,"427":0,"428":0,"429":0,"430":0,"431":0,"432":0,"433":0,"434":0,"435":0,"436":0,"437":40,"438":40,"439":49,"440":49,"441":39,"442":10,"443":6,"444":4,"445":49,"446":2,"447":49,"448":49,"449":1,"450":4,"451":4,"452":1,"453":1,"454":6,"455":3,"456":16,"457":16,"458":17,"459":17,"460":9,"461":21,"462":7,"463":14,"464":21,"465":4,"466":0,"467":4,"468":2,"469":0,"470":2,"471":1,"472":3,"473":3,"474":3,"475":1,"476":6,"477":3,"478":88,"479":88,"480":2,"481":85,"482":85,"483":86,"484":86,"485":2,"486":2,"487":1,"488":1,"489":1,"490":84,"491":2,"492":2,"493":82,"494":86,"495":86,"496":86,"497":86,"498":110,"499":110,"500":4,"501":106,"502":94,"503":12,"504":5,"505":7,"506":3,"507":3,"508":3,"509":3,"510":4,"511":110,"512":7,"513":7,"514":7,"515":3,"516":3,"517":11,"518":38,"519":38,"520":4,"521":0,"522":4,"523":2,"524":0,"525":2,"526":5,"527":5,"528":11,"529":5,"530":5,"531":4,"532":4,"533":8,"534":8,"535":4,"536":4,"537":54,"538":54,"539":166,"540":65,"541":21,"542":21,"543":44,"544":44,"545":101,"546":54,"547":1,"548":1,"549":15,"550":6,"551":9,"552":19,"553":5,"554":14,"555":14,"556":14,"557":1,"558":13,"559":24,"560":3,"561":22,"562":22,"563":8,"564":0,"565":8,"566":8,"567":1,"568":1,"569":7,"570":8,"571":0,"572":8,"573":22,"574":22,"575":22,"576":92,"577":92,"578":15,"579":15,"580":15,"581":77,"582":77,"583":92,"584":22,"585":1,"586":1,"587":15,"588":7,"589":8,"590":20,"591":6,"592":14,"593":14,"594":14,"595":1,"596":13,"597":5,"598":5,"599":5,"600":5,"601":5,"602":30,"603":25,"604":30,"605":30,"606":7,"607":0,"608":7,"609":7,"610":0,"611":7,"612":30,"613":30,"614":30,"615":136,"616":136,"617":29,"618":3,"619":3,"620":3,"621":3,"622":3,"623":3,"624":26,"625":26,"626":26,"627":1,"628":25,"629":107,"630":107,"631":136,"632":30,"633":1,"634":16,"635":16,"636":16,"637":0,"638":16,"639":0,"640":17,"641":17,"642":17,"643":17,"644":17,"645":0,"646":17,"647":13,"648":13,"649":0,"650":2,"651":2,"652":7,"653":0,"654":7,"655":2,"656":0,"657":2,"658":10,"659":10,"660":1,"661":1,"662":26,"663":0,"664":26,"665":22,"666":22,"667":22,"668":1,"669":8,"670":8,"671":0,"672":8,"673":0,"674":9,"675":9,"676":9,"677":9,"678":9,"679":9,"680":9,"681":0,"682":9,"683":0,"684":0,"685":0,"686":0,"687":0,"688":1,"689":5,"690":5,"691":24,"692":8,"693":16,"694":28,"695":6,"696":22,"697":22,"698":22,"699":2,"700":20,"701":42,"702":42,"703":42,"704":42,"705":42,"706":42,"707":1,"708":42,"709":35,"710":35,"711":35,"712":35,"713":42,"714":37,"715":37,"716":1147,"717":37,"718":444,"719":444,"720":37,"721":37,"722":3247,"723":37,"724":37,"725":37,"726":37,"727":37,"728":37,"729":37,"730":37,"731":37,"732":37,"733":37,"734":0,"735":37,"736":92,"737":92,"738":0,"739":92,"740":58,"741":58,"742":58,"743":58,"744":58,"745":7,"746":0,"747":7,"748":7,"749":0,"750":7,"751":63,"752":63,"753":63,"754":63,"755":1,"756":3,"757":3,"758":14,"759":6,"760":8,"761":18,"762":5,"763":13,"764":13,"765":13,"766":1,"767":12,"768":21,"769":21,"770":21,"771":21,"772":21,"773":21,"774":21,"775":1,"776":560,"777":18,"778":18,"779":432,"780":18,"781":128,"782":18,"783":18,"784":18,"785":18,"786":18,"787":18,"788":18,"789":18,"790":18,"791":18,"792":0,"793":18,"794":25,"795":25,"796":25,"797":0,"798":25,"799":25,"800":25,"801":19,"802":0,"803":19,"804":19,"805":19,"806":19,"807":19,"808":7,"809":0,"810":7,"811":7,"812":0,"813":7,"814":22,"815":22,"816":22,"817":22,"818":11,"819":11,"820":1,"821":1,"822":1,"823":1},"b":{"1":[0,1],"2":[1,0],"3":[0,0],"4":[0,0],"5":[72,96],"6":[14,82],"7":[96,20],"8":[2,80],"9":[168,160,159],"10":[168,166,165],"11":[168,146,145],"12":[168,167,166],"13":[168,167],"14":[168,164,163,162],"15":[173,170],"16":[50,131],"17":[45,86],"18":[1,9,5],"19":[9,0],"20":[5,0],"21":[5,0],"22":[47,2],"23":[1,1],"24":[1,0],"25":[47,2],"26":[1,1],"27":[1,0],"28":[46,44],"29":[1,47],"30":[17,11],"31":[6,17],"32":[2,15],"33":[17,12,3],"34":[2,0],"35":[2,0],"36":[2,0],"37":[2,2],"38":[0,2],"39":[0,0],"40":[0,0],"41":[0,0],"42":[11,6],"43":[6,4],"44":[2,4],"45":[0,4],"46":[1,51],"47":[4,1],"48":[5,3],"49":[0,1],"50":[1,9],"51":[0,9],"52":[1,4],"53":[4,0],"54":[9,25],"55":[6,19],"56":[0,35],"57":[18,17],"58":[35,32,31,30,21],"59":[0,32],"60":[1,104],"61":[13,92],"62":[105,101,97],"63":[2,90],"64":[42,50],"65":[90,2],"66":[13,0],"67":[3,10],"68":[13,12,11],"69":[2,8],"70":[4,4],"71":[8,6],"72":[0,1],"73":[5,0],"74":[3,2],"75":[5,4,3],"76":[1,1],"77":[185,0],"78":[185,181,180,179],"79":[171,16],"80":[187,175],"81":[1,45],"82":[241,0],"83":[241,237,236,200],"84":[241,240,239,239],"85":[57,186],"86":[243,0],"87":[59,189],"88":[248,191],"89":[3,186],"90":[35,151],"91":[98,96],"92":[1,97],"93":[0,97],"94":[0,97],"95":[96,97],"96":[1,1],"97":[1,0],"98":[1,1],"99":[1,0],"100":[8,18],"101":[1,12],"102":[673,42],"103":[88,585],"104":[0,88],"105":[134,451],"106":[479,194],"107":[673,189],"108":[673,670],"109":[1,672],"110":[3,670],"111":[884,538],"112":[1,3],"113":[1,2],"114":[23,6],"115":[12,17],"116":[9,3],"117":[105,190],"118":[91,99],"119":[1,34],"120":[29,5],"121":[1,28],"122":[2,3],"123":[2,1],"124":[3,3],"125":[0,364],"126":[364,364,2],"127":[3,361],"128":[364,364],"129":[8,7],"130":[0,119],"131":[3,8],"132":[63,1],"133":[64,64,2],"134":[0,0],"135":[0,0],"136":[0,0],"137":[22,18],"138":[39,10],"139":[6,4],"140":[10,7],"141":[2,47],"142":[7,14],"143":[0,4],"144":[0,2],"145":[2,86],"146":[88,88],"147":[2,84],"148":[1,1],"149":[2,82],"150":[4,106],"151":[94,12],"152":[5,7],"153":[3,4],"154":[3,4],"155":[0,4],"156":[0,2],"157":[8,0],"158":[65,101],"159":[21,44],"160":[44,0],"161":[44,0],"162":[6,9],"163":[5,14],"164":[1,13],"165":[24,23],"166":[0,8],"167":[1,7],"168":[0,8],"169":[15,77],"170":[15,0],"171":[15,1],"172":[7,8],"173":[6,14],"174":[1,13],"175":[25,5],"176":[0,7],"177":[0,7],"178":[29,107],"179":[3,26],"180":[26,0],"181":[26,1],"182":[1,25],"183":[0,16],"184":[0,16],"185":[0,17],"186":[13,0],"187":[0,7],"188":[0,2],"189":[0,1],"190":[0,26],"191":[0,8],"192":[0,8],"193":[9,3],"194":[2,7],"195":[0,9],"196":[0,0],"197":[8,16],"198":[6,22],"199":[2,20],"200":[42,12],"201":[42,35],"202":[1,41],"203":[42,7],"204":[35,7],"205":[42,42],"206":[432,12],"207":[35,2],"208":[0,37],"209":[0,92],"210":[92,92,92],"211":[0,7],"212":[0,7],"213":[63,0],"214":[6,8],"215":[5,13],"216":[1,12],"217":[21,15],"218":[21,19],"219":[21,21],"220":[207,353],"221":[0,18],"222":[0,25],"223":[25,25,25],"224":[0,19],"225":[0,7],"226":[0,7],"227":[22,0],"228":[1,0],"229":[1,0,0]},"f":{"1":1,"2":1,"3":168,"4":168,"5":177,"6":172,"7":173,"8":181,"9":16,"10":5,"11":8,"12":48,"13":48,"14":49,"15":4,"16":49,"17":4,"18":90,"19":46,"20":17,"21":23,"22":0,"23":6,"24":0,"25":52,"26":87,"27":5,"28":1,"29":10,"30":5,"31":5,"32":34,"33":11,"34":11,"35":22,"36":1,"37":21,"38":35,"39":32,"40":105,"41":11,"42":1,"43":13,"44":11,"45":1,"46":1,"47":5,"48":185,"49":187,"50":11,"51":46,"52":45,"53":46,"54":91,"55":12,"56":24,"57":241,"58":243,"59":242,"60":248,"61":262,"62":262,"63":98,"64":98,"65":193,"66":2,"67":2,"68":26,"69":13,"70":20,"71":2,"72":89,"73":9,"74":1,"75":1,"76":48,"77":673,"78":884,"79":5,"80":2,"81":0,"82":0,"83":4,"84":1,"85":29,"86":12,"87":295,"88":35,"89":3,"90":3,"91":2,"92":20,"93":9,"94":364,"95":216,"96":15,"97":115,"98":237,"99":119,"100":11,"101":1,"102":2,"103":15,"104":64,"105":0,"106":0,"107":0,"108":40,"109":49,"110":49,"111":4,"112":0,"113":0,"114":1,"115":6,"116":3,"117":16,"118":17,"119":9,"120":21,"121":4,"122":2,"123":3,"124":3,"125":1,"126":6,"127":3,"128":88,"129":85,"130":86,"131":1,"132":2,"133":86,"134":110,"135":3,"136":7,"137":11,"138":38,"139":4,"140":2,"141":5,"142":11,"143":4,"144":54,"145":166,"146":1,"147":15,"148":19,"149":14,"150":24,"151":3,"152":22,"153":8,"154":8,"155":22,"156":92,"157":1,"158":15,"159":20,"160":14,"161":5,"162":5,"163":30,"164":7,"165":7,"166":30,"167":136,"168":16,"169":17,"170":13,"171":2,"172":7,"173":2,"174":10,"175":1,"176":26,"177":22,"178":8,"179":9,"180":0,"181":5,"182":24,"183":28,"184":22,"185":42,"186":37,"187":1147,"188":444,"189":3247,"190":92,"191":58,"192":7,"193":7,"194":63,"195":3,"196":14,"197":18,"198":13,"199":21,"200":18,"201":560,"202":432,"203":128,"204":25,"205":19,"206":7,"207":7,"208":22,"209":11},"fnMap":{"1":{"name":"(anonymous_1)","line":9,"loc":{"start":{"line":9,"column":2},"end":{"line":9,"column":17}}},"2":{"name":"(anonymous_2)","line":33,"loc":{"start":{"line":33,"column":14},"end":{"line":33,"column":30}}},"3":{"name":"(anonymous_3)","line":52,"loc":{"start":{"line":52,"column":14},"end":{"line":52,"column":32}}},"4":{"name":"(anonymous_4)","line":61,"loc":{"start":{"line":61,"column":32},"end":{"line":61,"column":43}}},"5":{"name":"(anonymous_5)","line":92,"loc":{"start":{"line":92,"column":27},"end":{"line":92,"column":41}}},"6":{"name":"(anonymous_6)","line":101,"loc":{"start":{"line":101,"column":27},"end":{"line":101,"column":48}}},"7":{"name":"(anonymous_7)","line":113,"loc":{"start":{"line":113,"column":18},"end":{"line":113,"column":35}}},"8":{"name":"(anonymous_8)","line":131,"loc":{"start":{"line":131,"column":15},"end":{"line":131,"column":37}}},"9":{"name":"(anonymous_9)","line":161,"loc":{"start":{"line":161,"column":21},"end":{"line":161,"column":45}}},"10":{"name":"(anonymous_10)","line":181,"loc":{"start":{"line":181,"column":21},"end":{"line":181,"column":32}}},"11":{"name":"(anonymous_11)","line":182,"loc":{"start":{"line":182,"column":51},"end":{"line":182,"column":67}}},"12":{"name":"(anonymous_12)","line":193,"loc":{"start":{"line":193,"column":16},"end":{"line":193,"column":27}}},"13":{"name":"(anonymous_13)","line":201,"loc":{"start":{"line":201,"column":10},"end":{"line":201,"column":21}}},"14":{"name":"(anonymous_14)","line":210,"loc":{"start":{"line":210,"column":49},"end":{"line":210,"column":65}}},"15":{"name":"(anonymous_15)","line":222,"loc":{"start":{"line":222,"column":19},"end":{"line":222,"column":33}}},"16":{"name":"(anonymous_16)","line":230,"loc":{"start":{"line":230,"column":48},"end":{"line":230,"column":64}}},"17":{"name":"(anonymous_17)","line":242,"loc":{"start":{"line":242,"column":19},"end":{"line":242,"column":33}}},"18":{"name":"(anonymous_18)","line":250,"loc":{"start":{"line":250,"column":51},"end":{"line":250,"column":67}}},"19":{"name":"(anonymous_19)","line":256,"loc":{"start":{"line":256,"column":29},"end":{"line":256,"column":48}}},"20":{"name":"(anonymous_20)","line":280,"loc":{"start":{"line":280,"column":12},"end":{"line":280,"column":30}}},"21":{"name":"(anonymous_21)","line":289,"loc":{"start":{"line":289,"column":19},"end":{"line":289,"column":35}}},"22":{"name":"(anonymous_22)","line":311,"loc":{"start":{"line":311,"column":30},"end":{"line":311,"column":49}}},"23":{"name":"(anonymous_23)","line":340,"loc":{"start":{"line":340,"column":10},"end":{"line":340,"column":28}}},"24":{"name":"(anonymous_24)","line":355,"loc":{"start":{"line":355,"column":13},"end":{"line":355,"column":32}}},"25":{"name":"(anonymous_25)","line":371,"loc":{"start":{"line":371,"column":12},"end":{"line":371,"column":26}}},"26":{"name":"(anonymous_26)","line":377,"loc":{"start":{"line":377,"column":24},"end":{"line":377,"column":40}}},"27":{"name":"(anonymous_27)","line":390,"loc":{"start":{"line":390,"column":12},"end":{"line":390,"column":32}}},"28":{"name":"(anonymous_28)","line":413,"loc":{"start":{"line":413,"column":13},"end":{"line":413,"column":27}}},"29":{"name":"(anonymous_29)","line":423,"loc":{"start":{"line":423,"column":9},"end":{"line":423,"column":20}}},"30":{"name":"(anonymous_30)","line":439,"loc":{"start":{"line":439,"column":8},"end":{"line":439,"column":19}}},"31":{"name":"(anonymous_31)","line":442,"loc":{"start":{"line":442,"column":43},"end":{"line":442,"column":59}}},"32":{"name":"(anonymous_32)","line":454,"loc":{"start":{"line":454,"column":11},"end":{"line":454,"column":27}}},"33":{"name":"(anonymous_33)","line":471,"loc":{"start":{"line":471,"column":10},"end":{"line":471,"column":21}}},"34":{"name":"(anonymous_34)","line":472,"loc":{"start":{"line":472,"column":27},"end":{"line":472,"column":46}}},"35":{"name":"(anonymous_35)","line":476,"loc":{"start":{"line":476,"column":24},"end":{"line":476,"column":40}}},"36":{"name":"(anonymous_36)","line":509,"loc":{"start":{"line":509,"column":19},"end":{"line":509,"column":30}}},"37":{"name":"(anonymous_37)","line":523,"loc":{"start":{"line":523,"column":24},"end":{"line":523,"column":42}}},"38":{"name":"required","line":529,"loc":{"start":{"line":529,"column":11},"end":{"line":529,"column":36}}},"39":{"name":"(anonymous_39)","line":541,"loc":{"start":{"line":541,"column":22},"end":{"line":541,"column":40}}},"40":{"name":"regexp","line":550,"loc":{"start":{"line":550,"column":11},"end":{"line":550,"column":34}}},"41":{"name":"(anonymous_41)","line":568,"loc":{"start":{"line":568,"column":22},"end":{"line":568,"column":40}}},"42":{"name":"(anonymous_42)","line":578,"loc":{"start":{"line":578,"column":21},"end":{"line":578,"column":39}}},"43":{"name":"range","line":587,"loc":{"start":{"line":587,"column":11},"end":{"line":587,"column":33}}},"44":{"name":"(anonymous_44)","line":607,"loc":{"start":{"line":607,"column":21},"end":{"line":607,"column":39}}},"45":{"name":"(anonymous_45)","line":617,"loc":{"start":{"line":617,"column":19},"end":{"line":617,"column":37}}},"46":{"name":"(anonymous_46)","line":627,"loc":{"start":{"line":627,"column":21},"end":{"line":627,"column":39}}},"47":{"name":"match","line":635,"loc":{"start":{"line":635,"column":11},"end":{"line":635,"column":40}}},"48":{"name":"(anonymous_48)","line":672,"loc":{"start":{"line":672,"column":14},"end":{"line":672,"column":32}}},"49":{"name":"(anonymous_49)","line":692,"loc":{"start":{"line":692,"column":16},"end":{"line":692,"column":33}}},"50":{"name":"(anonymous_50)","line":711,"loc":{"start":{"line":711,"column":14},"end":{"line":711,"column":30}}},"51":{"name":"(anonymous_51)","line":722,"loc":{"start":{"line":722,"column":16},"end":{"line":722,"column":27}}},"52":{"name":"(anonymous_52)","line":731,"loc":{"start":{"line":731,"column":10},"end":{"line":731,"column":21}}},"53":{"name":"(anonymous_53)","line":740,"loc":{"start":{"line":740,"column":56},"end":{"line":740,"column":72}}},"54":{"name":"(anonymous_54)","line":746,"loc":{"start":{"line":746,"column":21},"end":{"line":746,"column":37}}},"55":{"name":"(anonymous_55)","line":759,"loc":{"start":{"line":759,"column":10},"end":{"line":759,"column":21}}},"56":{"name":"(anonymous_56)","line":760,"loc":{"start":{"line":760,"column":24},"end":{"line":760,"column":40}}},"57":{"name":"(anonymous_57)","line":800,"loc":{"start":{"line":800,"column":14},"end":{"line":800,"column":32}}},"58":{"name":"(anonymous_58)","line":824,"loc":{"start":{"line":824,"column":16},"end":{"line":824,"column":33}}},"59":{"name":"(anonymous_59)","line":845,"loc":{"start":{"line":845,"column":16},"end":{"line":845,"column":27}}},"60":{"name":"(anonymous_60)","line":861,"loc":{"start":{"line":861,"column":18},"end":{"line":861,"column":29}}},"61":{"name":"(anonymous_61)","line":884,"loc":{"start":{"line":884,"column":15},"end":{"line":884,"column":26}}},"62":{"name":"(anonymous_62)","line":891,"loc":{"start":{"line":891,"column":28},"end":{"line":891,"column":42}}},"63":{"name":"(anonymous_63)","line":901,"loc":{"start":{"line":901,"column":16},"end":{"line":901,"column":27}}},"64":{"name":"(anonymous_64)","line":920,"loc":{"start":{"line":920,"column":10},"end":{"line":920,"column":21}}},"65":{"name":"(anonymous_65)","line":937,"loc":{"start":{"line":937,"column":50},"end":{"line":937,"column":66}}},"66":{"name":"(anonymous_66)","line":956,"loc":{"start":{"line":956,"column":11},"end":{"line":956,"column":21}}},"67":{"name":"(anonymous_67)","line":972,"loc":{"start":{"line":972,"column":10},"end":{"line":972,"column":20}}},"68":{"name":"(anonymous_68)","line":988,"loc":{"start":{"line":988,"column":12},"end":{"line":988,"column":23}}},"69":{"name":"(anonymous_69)","line":1005,"loc":{"start":{"line":1005,"column":12},"end":{"line":1005,"column":26}}},"70":{"name":"(anonymous_70)","line":1019,"loc":{"start":{"line":1019,"column":14},"end":{"line":1019,"column":25}}},"71":{"name":"(anonymous_71)","line":1032,"loc":{"start":{"line":1032,"column":10},"end":{"line":1032,"column":21}}},"72":{"name":"(anonymous_72)","line":1041,"loc":{"start":{"line":1041,"column":12},"end":{"line":1041,"column":23}}},"73":{"name":"(anonymous_73)","line":1050,"loc":{"start":{"line":1050,"column":12},"end":{"line":1050,"column":28}}},"74":{"name":"(anonymous_74)","line":1057,"loc":{"start":{"line":1057,"column":9},"end":{"line":1057,"column":20}}},"75":{"name":"(anonymous_75)","line":1064,"loc":{"start":{"line":1064,"column":8},"end":{"line":1064,"column":19}}},"76":{"name":"(anonymous_76)","line":1071,"loc":{"start":{"line":1071,"column":10},"end":{"line":1071,"column":21}}},"77":{"name":"(anonymous_77)","line":1142,"loc":{"start":{"line":1142,"column":14},"end":{"line":1142,"column":32}}},"78":{"name":"(anonymous_78)","line":1180,"loc":{"start":{"line":1180,"column":11},"end":{"line":1180,"column":22}}},"79":{"name":"(anonymous_79)","line":1193,"loc":{"start":{"line":1193,"column":12},"end":{"line":1193,"column":23}}},"80":{"name":"(anonymous_80)","line":1203,"loc":{"start":{"line":1203,"column":12},"end":{"line":1203,"column":28}}},"81":{"name":"(anonymous_81)","line":1211,"loc":{"start":{"line":1211,"column":9},"end":{"line":1211,"column":20}}},"82":{"name":"(anonymous_82)","line":1219,"loc":{"start":{"line":1219,"column":8},"end":{"line":1219,"column":19}}},"83":{"name":"(anonymous_83)","line":1231,"loc":{"start":{"line":1231,"column":10},"end":{"line":1231,"column":28}}},"84":{"name":"(anonymous_84)","line":1235,"loc":{"start":{"line":1235,"column":41},"end":{"line":1235,"column":60}}},"85":{"name":"(anonymous_85)","line":1248,"loc":{"start":{"line":1248,"column":12},"end":{"line":1248,"column":23}}},"86":{"name":"(anonymous_86)","line":1258,"loc":{"start":{"line":1258,"column":26},"end":{"line":1258,"column":46}}},"87":{"name":"(anonymous_87)","line":1273,"loc":{"start":{"line":1273,"column":11},"end":{"line":1273,"column":27}}},"88":{"name":"(anonymous_88)","line":1290,"loc":{"start":{"line":1290,"column":16},"end":{"line":1290,"column":36}}},"89":{"name":"(anonymous_89)","line":1335,"loc":{"start":{"line":1335,"column":16},"end":{"line":1335,"column":32}}},"90":{"name":"(anonymous_90)","line":1337,"loc":{"start":{"line":1337,"column":17},"end":{"line":1337,"column":28}}},"91":{"name":"(anonymous_91)","line":1341,"loc":{"start":{"line":1341,"column":16},"end":{"line":1341,"column":32}}},"92":{"name":"(anonymous_92)","line":1344,"loc":{"start":{"line":1344,"column":16},"end":{"line":1344,"column":32}}},"93":{"name":"(anonymous_93)","line":1347,"loc":{"start":{"line":1347,"column":16},"end":{"line":1347,"column":32}}},"94":{"name":"(anonymous_94)","line":1352,"loc":{"start":{"line":1352,"column":14},"end":{"line":1352,"column":32}}},"95":{"name":"(anonymous_95)","line":1369,"loc":{"start":{"line":1369,"column":10},"end":{"line":1369,"column":21}}},"96":{"name":"(anonymous_96)","line":1375,"loc":{"start":{"line":1375,"column":19},"end":{"line":1375,"column":35}}},"97":{"name":"(anonymous_97)","line":1390,"loc":{"start":{"line":1390,"column":12},"end":{"line":1390,"column":23}}},"98":{"name":"(anonymous_98)","line":1398,"loc":{"start":{"line":1398,"column":12},"end":{"line":1398,"column":28}}},"99":{"name":"(anonymous_99)","line":1403,"loc":{"start":{"line":1403,"column":9},"end":{"line":1403,"column":20}}},"100":{"name":"(anonymous_100)","line":1409,"loc":{"start":{"line":1409,"column":8},"end":{"line":1409,"column":19}}},"101":{"name":"(anonymous_101)","line":1415,"loc":{"start":{"line":1415,"column":10},"end":{"line":1415,"column":21}}},"102":{"name":"(anonymous_102)","line":1431,"loc":{"start":{"line":1431,"column":14},"end":{"line":1431,"column":32}}},"103":{"name":"(anonymous_103)","line":1442,"loc":{"start":{"line":1442,"column":14},"end":{"line":1442,"column":32}}},"104":{"name":"(anonymous_104)","line":1464,"loc":{"start":{"line":1464,"column":14},"end":{"line":1464,"column":32}}},"105":{"name":"(anonymous_105)","line":1481,"loc":{"start":{"line":1481,"column":14},"end":{"line":1481,"column":30}}},"106":{"name":"(anonymous_106)","line":1483,"loc":{"start":{"line":1483,"column":33},"end":{"line":1483,"column":44}}},"107":{"name":"(anonymous_107)","line":1484,"loc":{"start":{"line":1484,"column":21},"end":{"line":1484,"column":32}}},"108":{"name":"(anonymous_108)","line":1511,"loc":{"start":{"line":1511,"column":12},"end":{"line":1511,"column":23}}},"109":{"name":"(anonymous_109)","line":1517,"loc":{"start":{"line":1517,"column":12},"end":{"line":1517,"column":28}}},"110":{"name":"(anonymous_110)","line":1518,"loc":{"start":{"line":1518,"column":13},"end":{"line":1518,"column":24}}},"111":{"name":"(anonymous_111)","line":1542,"loc":{"start":{"line":1542,"column":14},"end":{"line":1542,"column":32}}},"112":{"name":"(anonymous_112)","line":1548,"loc":{"start":{"line":1548,"column":9},"end":{"line":1548,"column":20}}},"113":{"name":"(anonymous_113)","line":1552,"loc":{"start":{"line":1552,"column":8},"end":{"line":1552,"column":19}}},"114":{"name":"(anonymous_114)","line":1570,"loc":{"start":{"line":1570,"column":14},"end":{"line":1570,"column":30}}},"115":{"name":"(anonymous_115)","line":1573,"loc":{"start":{"line":1573,"column":14},"end":{"line":1573,"column":30}}},"116":{"name":"(anonymous_116)","line":1576,"loc":{"start":{"line":1576,"column":14},"end":{"line":1576,"column":30}}},"117":{"name":"(anonymous_117)","line":1581,"loc":{"start":{"line":1581,"column":14},"end":{"line":1581,"column":32}}},"118":{"name":"(anonymous_118)","line":1590,"loc":{"start":{"line":1590,"column":10},"end":{"line":1590,"column":21}}},"119":{"name":"(anonymous_119)","line":1596,"loc":{"start":{"line":1596,"column":12},"end":{"line":1596,"column":23}}},"120":{"name":"(anonymous_120)","line":1600,"loc":{"start":{"line":1600,"column":12},"end":{"line":1600,"column":28}}},"121":{"name":"(anonymous_121)","line":1609,"loc":{"start":{"line":1609,"column":9},"end":{"line":1609,"column":20}}},"122":{"name":"(anonymous_122)","line":1615,"loc":{"start":{"line":1615,"column":8},"end":{"line":1615,"column":19}}},"123":{"name":"(anonymous_123)","line":1640,"loc":{"start":{"line":1640,"column":16},"end":{"line":1640,"column":32}}},"124":{"name":"(anonymous_124)","line":1642,"loc":{"start":{"line":1642,"column":17},"end":{"line":1642,"column":28}}},"125":{"name":"(anonymous_125)","line":1646,"loc":{"start":{"line":1646,"column":14},"end":{"line":1646,"column":30}}},"126":{"name":"(anonymous_126)","line":1649,"loc":{"start":{"line":1649,"column":14},"end":{"line":1649,"column":30}}},"127":{"name":"(anonymous_127)","line":1652,"loc":{"start":{"line":1652,"column":14},"end":{"line":1652,"column":30}}},"128":{"name":"(anonymous_128)","line":1657,"loc":{"start":{"line":1657,"column":14},"end":{"line":1657,"column":32}}},"129":{"name":"(anonymous_129)","line":1663,"loc":{"start":{"line":1663,"column":10},"end":{"line":1663,"column":21}}},"130":{"name":"(anonymous_130)","line":1674,"loc":{"start":{"line":1674,"column":14},"end":{"line":1674,"column":32}}},"131":{"name":"(anonymous_131)","line":1686,"loc":{"start":{"line":1686,"column":19},"end":{"line":1686,"column":40}}},"132":{"name":"(anonymous_132)","line":1695,"loc":{"start":{"line":1695,"column":14},"end":{"line":1695,"column":31}}},"133":{"name":"(anonymous_133)","line":1713,"loc":{"start":{"line":1713,"column":17},"end":{"line":1713,"column":35}}},"134":{"name":"(anonymous_134)","line":1726,"loc":{"start":{"line":1726,"column":19},"end":{"line":1726,"column":37}}},"135":{"name":"(anonymous_135)","line":1746,"loc":{"start":{"line":1746,"column":14},"end":{"line":1746,"column":29}}},"136":{"name":"(anonymous_136)","line":1759,"loc":{"start":{"line":1759,"column":19},"end":{"line":1759,"column":35}}},"137":{"name":"(anonymous_137)","line":1770,"loc":{"start":{"line":1770,"column":12},"end":{"line":1770,"column":23}}},"138":{"name":"(anonymous_138)","line":1774,"loc":{"start":{"line":1774,"column":12},"end":{"line":1774,"column":28}}},"139":{"name":"(anonymous_139)","line":1779,"loc":{"start":{"line":1779,"column":9},"end":{"line":1779,"column":20}}},"140":{"name":"(anonymous_140)","line":1785,"loc":{"start":{"line":1785,"column":8},"end":{"line":1785,"column":19}}},"141":{"name":"(anonymous_141)","line":1796,"loc":{"start":{"line":1796,"column":21},"end":{"line":1796,"column":42}}},"142":{"name":"(anonymous_142)","line":1799,"loc":{"start":{"line":1799,"column":20},"end":{"line":1799,"column":36}}},"143":{"name":"(anonymous_143)","line":1813,"loc":{"start":{"line":1813,"column":17},"end":{"line":1813,"column":31}}},"144":{"name":"(anonymous_144)","line":1836,"loc":{"start":{"line":1836,"column":16},"end":{"line":1836,"column":32}}},"145":{"name":"(anonymous_145)","line":1840,"loc":{"start":{"line":1840,"column":18},"end":{"line":1840,"column":35}}},"146":{"name":"(anonymous_146)","line":1876,"loc":{"start":{"line":1876,"column":32},"end":{"line":1876,"column":43}}},"147":{"name":"(anonymous_147)","line":1879,"loc":{"start":{"line":1879,"column":31},"end":{"line":1879,"column":42}}},"148":{"name":"(anonymous_148)","line":1883,"loc":{"start":{"line":1883,"column":30},"end":{"line":1883,"column":41}}},"149":{"name":"(anonymous_149)","line":1886,"loc":{"start":{"line":1886,"column":17},"end":{"line":1886,"column":28}}},"150":{"name":"(anonymous_150)","line":1898,"loc":{"start":{"line":1898,"column":15},"end":{"line":1898,"column":26}}},"151":{"name":"(anonymous_151)","line":1902,"loc":{"start":{"line":1902,"column":12},"end":{"line":1902,"column":23}}},"152":{"name":"(anonymous_152)","line":1906,"loc":{"start":{"line":1906,"column":12},"end":{"line":1906,"column":28}}},"153":{"name":"(anonymous_153)","line":1911,"loc":{"start":{"line":1911,"column":9},"end":{"line":1911,"column":20}}},"154":{"name":"(anonymous_154)","line":1923,"loc":{"start":{"line":1923,"column":8},"end":{"line":1923,"column":19}}},"155":{"name":"(anonymous_155)","line":1935,"loc":{"start":{"line":1935,"column":16},"end":{"line":1935,"column":33}}},"156":{"name":"(anonymous_156)","line":1942,"loc":{"start":{"line":1942,"column":29},"end":{"line":1942,"column":53}}},"157":{"name":"(anonymous_157)","line":1993,"loc":{"start":{"line":1993,"column":34},"end":{"line":1993,"column":45}}},"158":{"name":"(anonymous_158)","line":1996,"loc":{"start":{"line":1996,"column":34},"end":{"line":1996,"column":45}}},"159":{"name":"(anonymous_159)","line":2000,"loc":{"start":{"line":2000,"column":34},"end":{"line":2000,"column":45}}},"160":{"name":"(anonymous_160)","line":2003,"loc":{"start":{"line":2003,"column":17},"end":{"line":2003,"column":28}}},"161":{"name":"(anonymous_161)","line":2010,"loc":{"start":{"line":2010,"column":12},"end":{"line":2010,"column":23}}},"162":{"name":"(anonymous_162)","line":2013,"loc":{"start":{"line":2013,"column":48},"end":{"line":2013,"column":59}}},"163":{"name":"(anonymous_163)","line":2019,"loc":{"start":{"line":2019,"column":12},"end":{"line":2019,"column":29}}},"164":{"name":"(anonymous_164)","line":2025,"loc":{"start":{"line":2025,"column":9},"end":{"line":2025,"column":20}}},"165":{"name":"(anonymous_165)","line":2031,"loc":{"start":{"line":2031,"column":8},"end":{"line":2031,"column":19}}},"166":{"name":"(anonymous_166)","line":2043,"loc":{"start":{"line":2043,"column":16},"end":{"line":2043,"column":33}}},"167":{"name":"(anonymous_167)","line":2047,"loc":{"start":{"line":2047,"column":18},"end":{"line":2047,"column":42}}},"168":{"name":"(anonymous_168)","line":2094,"loc":{"start":{"line":2094,"column":14},"end":{"line":2094,"column":32}}},"169":{"name":"(anonymous_169)","line":2106,"loc":{"start":{"line":2106,"column":10},"end":{"line":2106,"column":21}}},"170":{"name":"(anonymous_170)","line":2127,"loc":{"start":{"line":2127,"column":12},"end":{"line":2127,"column":23}}},"171":{"name":"(anonymous_171)","line":2133,"loc":{"start":{"line":2133,"column":12},"end":{"line":2133,"column":28}}},"172":{"name":"(anonymous_172)","line":2139,"loc":{"start":{"line":2139,"column":9},"end":{"line":2139,"column":20}}},"173":{"name":"(anonymous_173)","line":2145,"loc":{"start":{"line":2145,"column":8},"end":{"line":2145,"column":19}}},"174":{"name":"(anonymous_174)","line":2151,"loc":{"start":{"line":2151,"column":10},"end":{"line":2151,"column":21}}},"175":{"name":"(anonymous_175)","line":2157,"loc":{"start":{"line":2157,"column":12},"end":{"line":2157,"column":23}}},"176":{"name":"(anonymous_176)","line":2165,"loc":{"start":{"line":2165,"column":22},"end":{"line":2165,"column":33}}},"177":{"name":"(anonymous_177)","line":2168,"loc":{"start":{"line":2168,"column":30},"end":{"line":2168,"column":41}}},"178":{"name":"(anonymous_178)","line":2189,"loc":{"start":{"line":2189,"column":14},"end":{"line":2189,"column":32}}},"179":{"name":"(anonymous_179)","line":2196,"loc":{"start":{"line":2196,"column":10},"end":{"line":2196,"column":21}}},"180":{"name":"(anonymous_180)","line":2229,"loc":{"start":{"line":2229,"column":10},"end":{"line":2229,"column":21}}},"181":{"name":"(anonymous_181)","line":2255,"loc":{"start":{"line":2255,"column":22},"end":{"line":2255,"column":33}}},"182":{"name":"(anonymous_182)","line":2259,"loc":{"start":{"line":2259,"column":22},"end":{"line":2259,"column":33}}},"183":{"name":"(anonymous_183)","line":2263,"loc":{"start":{"line":2263,"column":22},"end":{"line":2263,"column":33}}},"184":{"name":"(anonymous_184)","line":2266,"loc":{"start":{"line":2266,"column":17},"end":{"line":2266,"column":28}}},"185":{"name":"(anonymous_185)","line":2273,"loc":{"start":{"line":2273,"column":14},"end":{"line":2273,"column":32}}},"186":{"name":"(anonymous_186)","line":2311,"loc":{"start":{"line":2311,"column":10},"end":{"line":2311,"column":21}}},"187":{"name":"(anonymous_187)","line":2316,"loc":{"start":{"line":2316,"column":45},"end":{"line":2316,"column":60}}},"188":{"name":"(anonymous_188)","line":2320,"loc":{"start":{"line":2320,"column":46},"end":{"line":2320,"column":62}}},"189":{"name":"(anonymous_189)","line":2332,"loc":{"start":{"line":2332,"column":40},"end":{"line":2332,"column":55}}},"190":{"name":"(anonymous_190)","line":2368,"loc":{"start":{"line":2368,"column":12},"end":{"line":2368,"column":23}}},"191":{"name":"(anonymous_191)","line":2381,"loc":{"start":{"line":2381,"column":12},"end":{"line":2381,"column":27}}},"192":{"name":"(anonymous_192)","line":2390,"loc":{"start":{"line":2390,"column":9},"end":{"line":2390,"column":20}}},"193":{"name":"(anonymous_193)","line":2396,"loc":{"start":{"line":2396,"column":8},"end":{"line":2396,"column":19}}},"194":{"name":"(anonymous_194)","line":2406,"loc":{"start":{"line":2406,"column":16},"end":{"line":2406,"column":27}}},"195":{"name":"(anonymous_195)","line":2441,"loc":{"start":{"line":2441,"column":22},"end":{"line":2441,"column":33}}},"196":{"name":"(anonymous_196)","line":2445,"loc":{"start":{"line":2445,"column":22},"end":{"line":2445,"column":33}}},"197":{"name":"(anonymous_197)","line":2449,"loc":{"start":{"line":2449,"column":22},"end":{"line":2449,"column":33}}},"198":{"name":"(anonymous_198)","line":2452,"loc":{"start":{"line":2452,"column":17},"end":{"line":2452,"column":28}}},"199":{"name":"(anonymous_199)","line":2459,"loc":{"start":{"line":2459,"column":14},"end":{"line":2459,"column":32}}},"200":{"name":"(anonymous_200)","line":2483,"loc":{"start":{"line":2483,"column":10},"end":{"line":2483,"column":21}}},"201":{"name":"pad","line":2484,"loc":{"start":{"line":2484,"column":4},"end":{"line":2484,"column":20}}},"202":{"name":"(anonymous_202)","line":2492,"loc":{"start":{"line":2492,"column":45},"end":{"line":2492,"column":60}}},"203":{"name":"(anonymous_203)","line":2496,"loc":{"start":{"line":2496,"column":65},"end":{"line":2496,"column":79}}},"204":{"name":"(anonymous_204)","line":2531,"loc":{"start":{"line":2531,"column":12},"end":{"line":2531,"column":23}}},"205":{"name":"(anonymous_205)","line":2548,"loc":{"start":{"line":2548,"column":12},"end":{"line":2548,"column":27}}},"206":{"name":"(anonymous_206)","line":2559,"loc":{"start":{"line":2559,"column":9},"end":{"line":2559,"column":20}}},"207":{"name":"(anonymous_207)","line":2565,"loc":{"start":{"line":2565,"column":8},"end":{"line":2565,"column":19}}},"208":{"name":"(anonymous_208)","line":2575,"loc":{"start":{"line":2575,"column":16},"end":{"line":2575,"column":27}}},"209":{"name":"(anonymous_209)","line":2585,"loc":{"start":{"line":2585,"column":10},"end":{"line":2585,"column":21}}}},"statementMap":{"1":{"start":{"line":9,"column":1},"end":{"line":2616,"column":29}},"2":{"start":{"line":13,"column":2},"end":{"line":22,"column":3}},"3":{"start":{"line":14,"column":4},"end":{"line":15,"column":56}},"4":{"start":{"line":20,"column":4},"end":{"line":21,"column":33}},"5":{"start":{"line":30,"column":0},"end":{"line":486,"column":3}},"6":{"start":{"line":34,"column":6},"end":{"line":34,"column":36}},"7":{"start":{"line":53,"column":4},"end":{"line":53,"column":20}},"8":{"start":{"line":56,"column":4},"end":{"line":58,"column":16}},"9":{"start":{"line":61,"column":4},"end":{"line":74,"column":9}},"10":{"start":{"line":63,"column":6},"end":{"line":63,"column":61}},"11":{"start":{"line":63,"column":26},"end":{"line":63,"column":61}},"12":{"start":{"line":66,"column":6},"end":{"line":66,"column":32}},"13":{"start":{"line":67,"column":6},"end":{"line":67,"column":66}},"14":{"start":{"line":67,"column":33},"end":{"line":67,"column":66}},"15":{"start":{"line":70,"column":6},"end":{"line":70,"column":55}},"16":{"start":{"line":70,"column":23},"end":{"line":70,"column":55}},"17":{"start":{"line":73,"column":6},"end":{"line":73,"column":16}},"18":{"start":{"line":77,"column":4},"end":{"line":77,"column":81}},"19":{"start":{"line":80,"column":4},"end":{"line":80,"column":39}},"20":{"start":{"line":81,"column":4},"end":{"line":81,"column":78}},"21":{"start":{"line":82,"column":4},"end":{"line":82,"column":78}},"22":{"start":{"line":83,"column":4},"end":{"line":83,"column":66}},"23":{"start":{"line":84,"column":4},"end":{"line":84,"column":90}},"24":{"start":{"line":87,"column":4},"end":{"line":87,"column":80}},"25":{"start":{"line":90,"column":4},"end":{"line":90,"column":34}},"26":{"start":{"line":92,"column":4},"end":{"line":95,"column":13}},"27":{"start":{"line":93,"column":6},"end":{"line":93,"column":36}},"28":{"start":{"line":94,"column":6},"end":{"line":94,"column":55}},"29":{"start":{"line":98,"column":4},"end":{"line":99,"column":40}},"30":{"start":{"line":101,"column":4},"end":{"line":103,"column":13}},"31":{"start":{"line":102,"column":6},"end":{"line":102,"column":59}},"32":{"start":{"line":114,"column":4},"end":{"line":118,"column":6}},"33":{"start":{"line":120,"column":4},"end":{"line":120,"column":38}},"34":{"start":{"line":132,"column":4},"end":{"line":137,"column":6}},"35":{"start":{"line":139,"column":4},"end":{"line":145,"column":5}},"36":{"start":{"line":140,"column":6},"end":{"line":140,"column":33}},"37":{"start":{"line":141,"column":11},"end":{"line":145,"column":5}},"38":{"start":{"line":142,"column":6},"end":{"line":142,"column":37}},"39":{"start":{"line":144,"column":6},"end":{"line":144,"column":32}},"40":{"start":{"line":147,"column":4},"end":{"line":147,"column":40}},"41":{"start":{"line":149,"column":4},"end":{"line":149,"column":63}},"42":{"start":{"line":151,"column":4},"end":{"line":151,"column":17}},"43":{"start":{"line":163,"column":4},"end":{"line":163,"column":41}},"44":{"start":{"line":165,"column":4},"end":{"line":165,"column":95}},"45":{"start":{"line":168,"column":4},"end":{"line":190,"column":5}},"46":{"start":{"line":170,"column":8},"end":{"line":170,"column":37}},"47":{"start":{"line":171,"column":8},"end":{"line":171,"column":14}},"48":{"start":{"line":174,"column":8},"end":{"line":174,"column":56}},"49":{"start":{"line":174,"column":28},"end":{"line":174,"column":56}},"50":{"start":{"line":175,"column":8},"end":{"line":175,"column":14}},"51":{"start":{"line":178,"column":8},"end":{"line":188,"column":9}},"52":{"start":{"line":180,"column":10},"end":{"line":180,"column":26}},"53":{"start":{"line":181,"column":10},"end":{"line":187,"column":16}},"54":{"start":{"line":182,"column":12},"end":{"line":184,"column":15}},"55":{"start":{"line":183,"column":14},"end":{"line":183,"column":43}},"56":{"start":{"line":186,"column":12},"end":{"line":186,"column":58}},"57":{"start":{"line":186,"column":31},"end":{"line":186,"column":58}},"58":{"start":{"line":189,"column":8},"end":{"line":189,"column":14}},"59":{"start":{"line":194,"column":4},"end":{"line":194,"column":31}},"60":{"start":{"line":196,"column":4},"end":{"line":198,"column":5}},"61":{"start":{"line":202,"column":4},"end":{"line":204,"column":23}},"62":{"start":{"line":207,"column":4},"end":{"line":207,"column":73}},"63":{"start":{"line":210,"column":4},"end":{"line":227,"column":7}},"64":{"start":{"line":211,"column":6},"end":{"line":212,"column":54}},"65":{"start":{"line":214,"column":6},"end":{"line":214,"column":43}},"66":{"start":{"line":214,"column":36},"end":{"line":214,"column":43}},"67":{"start":{"line":217,"column":6},"end":{"line":219,"column":31}},"68":{"start":{"line":222,"column":6},"end":{"line":226,"column":9}},"69":{"start":{"line":223,"column":8},"end":{"line":223,"column":32}},"70":{"start":{"line":225,"column":8},"end":{"line":225,"column":52}},"71":{"start":{"line":230,"column":4},"end":{"line":247,"column":7}},"72":{"start":{"line":231,"column":6},"end":{"line":232,"column":53}},"73":{"start":{"line":234,"column":6},"end":{"line":234,"column":43}},"74":{"start":{"line":234,"column":36},"end":{"line":234,"column":43}},"75":{"start":{"line":237,"column":6},"end":{"line":239,"column":31}},"76":{"start":{"line":242,"column":6},"end":{"line":246,"column":9}},"77":{"start":{"line":243,"column":8},"end":{"line":243,"column":32}},"78":{"start":{"line":245,"column":8},"end":{"line":245,"column":45}},"79":{"start":{"line":250,"column":4},"end":{"line":259,"column":7}},"80":{"start":{"line":251,"column":6},"end":{"line":252,"column":56}},"81":{"start":{"line":254,"column":6},"end":{"line":254,"column":43}},"82":{"start":{"line":254,"column":36},"end":{"line":254,"column":43}},"83":{"start":{"line":256,"column":6},"end":{"line":258,"column":9}},"84":{"start":{"line":257,"column":8},"end":{"line":257,"column":48}},"85":{"start":{"line":262,"column":4},"end":{"line":262,"column":27}},"86":{"start":{"line":265,"column":4},"end":{"line":265,"column":35}},"87":{"start":{"line":268,"column":4},"end":{"line":270,"column":5}},"88":{"start":{"line":269,"column":6},"end":{"line":269,"column":33}},"89":{"start":{"line":272,"column":4},"end":{"line":272,"column":16}},"90":{"start":{"line":281,"column":4},"end":{"line":284,"column":20}},"91":{"start":{"line":286,"column":4},"end":{"line":286,"column":28}},"92":{"start":{"line":289,"column":4},"end":{"line":294,"column":7}},"93":{"start":{"line":290,"column":6},"end":{"line":290,"column":35}},"94":{"start":{"line":291,"column":6},"end":{"line":293,"column":7}},"95":{"start":{"line":292,"column":8},"end":{"line":292,"column":34}},"96":{"start":{"line":297,"column":4},"end":{"line":328,"column":5}},"97":{"start":{"line":298,"column":6},"end":{"line":298,"column":56}},"98":{"start":{"line":300,"column":6},"end":{"line":327,"column":7}},"99":{"start":{"line":301,"column":8},"end":{"line":301,"column":78}},"100":{"start":{"line":304,"column":8},"end":{"line":307,"column":9}},"101":{"start":{"line":305,"column":10},"end":{"line":305,"column":48}},"102":{"start":{"line":306,"column":10},"end":{"line":306,"column":43}},"103":{"start":{"line":310,"column":8},"end":{"line":326,"column":9}},"104":{"start":{"line":311,"column":10},"end":{"line":325,"column":13}},"105":{"start":{"line":313,"column":12},"end":{"line":324,"column":13}},"106":{"start":{"line":314,"column":14},"end":{"line":314,"column":40}},"107":{"start":{"line":315,"column":14},"end":{"line":315,"column":32}},"108":{"start":{"line":320,"column":14},"end":{"line":320,"column":52}},"109":{"start":{"line":321,"column":14},"end":{"line":321,"column":30}},"110":{"start":{"line":322,"column":14},"end":{"line":322,"column":32}},"111":{"start":{"line":323,"column":14},"end":{"line":323,"column":42}},"112":{"start":{"line":330,"column":4},"end":{"line":330,"column":45}},"113":{"start":{"line":342,"column":4},"end":{"line":342,"column":28}},"114":{"start":{"line":344,"column":4},"end":{"line":346,"column":6}},"115":{"start":{"line":348,"column":4},"end":{"line":348,"column":48}},"116":{"start":{"line":349,"column":4},"end":{"line":349,"column":30}},"117":{"start":{"line":349,"column":16},"end":{"line":349,"column":30}},"118":{"start":{"line":352,"column":4},"end":{"line":352,"column":19}},"119":{"start":{"line":354,"column":4},"end":{"line":358,"column":16}},"120":{"start":{"line":356,"column":8},"end":{"line":356,"column":23}},"121":{"start":{"line":360,"column":4},"end":{"line":360,"column":48}},"122":{"start":{"line":362,"column":4},"end":{"line":362,"column":38}},"123":{"start":{"line":362,"column":20},"end":{"line":362,"column":38}},"124":{"start":{"line":373,"column":4},"end":{"line":373,"column":48}},"125":{"start":{"line":373,"column":13},"end":{"line":373,"column":48}},"126":{"start":{"line":376,"column":4},"end":{"line":376,"column":20}},"127":{"start":{"line":377,"column":4},"end":{"line":379,"column":7}},"128":{"start":{"line":378,"column":6},"end":{"line":378,"column":43}},"129":{"start":{"line":381,"column":4},"end":{"line":381,"column":18}},"130":{"start":{"line":391,"column":4},"end":{"line":391,"column":18}},"131":{"start":{"line":392,"column":4},"end":{"line":396,"column":5}},"132":{"start":{"line":393,"column":6},"end":{"line":393,"column":23}},"133":{"start":{"line":395,"column":6},"end":{"line":395,"column":18}},"134":{"start":{"line":398,"column":4},"end":{"line":398,"column":12}},"135":{"start":{"line":399,"column":4},"end":{"line":403,"column":5}},"136":{"start":{"line":400,"column":6},"end":{"line":402,"column":7}},"137":{"start":{"line":401,"column":8},"end":{"line":401,"column":45}},"138":{"start":{"line":414,"column":4},"end":{"line":414,"column":33}},"139":{"start":{"line":415,"column":4},"end":{"line":415,"column":57}},"140":{"start":{"line":415,"column":16},"end":{"line":415,"column":57}},"141":{"start":{"line":417,"column":4},"end":{"line":417,"column":24}},"142":{"start":{"line":424,"column":4},"end":{"line":424,"column":30}},"143":{"start":{"line":424,"column":23},"end":{"line":424,"column":30}},"144":{"start":{"line":427,"column":4},"end":{"line":428,"column":39}},"145":{"start":{"line":430,"column":4},"end":{"line":430,"column":23}},"146":{"start":{"line":430,"column":16},"end":{"line":430,"column":23}},"147":{"start":{"line":433,"column":4},"end":{"line":433,"column":25}},"148":{"start":{"line":440,"column":4},"end":{"line":440,"column":31}},"149":{"start":{"line":440,"column":24},"end":{"line":440,"column":31}},"150":{"start":{"line":442,"column":4},"end":{"line":444,"column":7}},"151":{"start":{"line":443,"column":6},"end":{"line":443,"column":35}},"152":{"start":{"line":446,"column":4},"end":{"line":446,"column":49}},"153":{"start":{"line":446,"column":22},"end":{"line":446,"column":49}},"154":{"start":{"line":455,"column":4},"end":{"line":460,"column":5}},"155":{"start":{"line":456,"column":6},"end":{"line":456,"column":27}},"156":{"start":{"line":458,"column":9},"end":{"line":460,"column":5}},"157":{"start":{"line":459,"column":6},"end":{"line":459,"column":28}},"158":{"start":{"line":462,"column":4},"end":{"line":462,"column":66}},"159":{"start":{"line":472,"column":4},"end":{"line":474,"column":7}},"160":{"start":{"line":473,"column":6},"end":{"line":473,"column":24}},"161":{"start":{"line":476,"column":4},"end":{"line":478,"column":7}},"162":{"start":{"line":477,"column":6},"end":{"line":477,"column":21}},"163":{"start":{"line":480,"column":4},"end":{"line":480,"column":65}},"164":{"start":{"line":489,"column":0},"end":{"line":493,"column":2}},"165":{"start":{"line":495,"column":0},"end":{"line":502,"column":34}},"166":{"start":{"line":509,"column":0},"end":{"line":653,"column":5}},"167":{"start":{"line":511,"column":2},"end":{"line":511,"column":22}},"168":{"start":{"line":513,"column":2},"end":{"line":521,"column":4}},"169":{"start":{"line":523,"column":2},"end":{"line":539,"column":4}},"170":{"start":{"line":524,"column":4},"end":{"line":527,"column":16}},"171":{"start":{"line":529,"column":4},"end":{"line":538,"column":6}},"172":{"start":{"line":530,"column":6},"end":{"line":530,"column":28}},"173":{"start":{"line":532,"column":6},"end":{"line":535,"column":8}},"174":{"start":{"line":537,"column":6},"end":{"line":537,"column":120}},"175":{"start":{"line":537,"column":109},"end":{"line":537,"column":120}},"176":{"start":{"line":541,"column":2},"end":{"line":566,"column":4}},"177":{"start":{"line":542,"column":4},"end":{"line":542,"column":100}},"178":{"start":{"line":542,"column":25},"end":{"line":542,"column":100}},"179":{"start":{"line":544,"column":4},"end":{"line":548,"column":16}},"180":{"start":{"line":550,"column":4},"end":{"line":565,"column":6}},"181":{"start":{"line":551,"column":6},"end":{"line":551,"column":28}},"182":{"start":{"line":553,"column":6},"end":{"line":556,"column":8}},"183":{"start":{"line":559,"column":6},"end":{"line":559,"column":72}},"184":{"start":{"line":559,"column":65},"end":{"line":559,"column":72}},"185":{"start":{"line":562,"column":6},"end":{"line":562,"column":105}},"186":{"start":{"line":562,"column":46},"end":{"line":562,"column":105}},"187":{"start":{"line":564,"column":6},"end":{"line":564,"column":97}},"188":{"start":{"line":564,"column":86},"end":{"line":564,"column":97}},"189":{"start":{"line":568,"column":2},"end":{"line":576,"column":4}},"190":{"start":{"line":569,"column":4},"end":{"line":573,"column":16}},"191":{"start":{"line":575,"column":4},"end":{"line":575,"column":38}},"192":{"start":{"line":578,"column":2},"end":{"line":605,"column":3}},"193":{"start":{"line":579,"column":4},"end":{"line":585,"column":16}},"194":{"start":{"line":587,"column":4},"end":{"line":604,"column":5}},"195":{"start":{"line":588,"column":6},"end":{"line":588,"column":28}},"196":{"start":{"line":589,"column":6},"end":{"line":592,"column":8}},"197":{"start":{"line":595,"column":6},"end":{"line":595,"column":72}},"198":{"start":{"line":595,"column":65},"end":{"line":595,"column":72}},"199":{"start":{"line":598,"column":6},"end":{"line":598,"column":83}},"200":{"start":{"line":599,"column":6},"end":{"line":599,"column":42}},"201":{"start":{"line":599,"column":23},"end":{"line":599,"column":42}},"202":{"start":{"line":602,"column":6},"end":{"line":602,"column":45}},"203":{"start":{"line":603,"column":6},"end":{"line":603,"column":67}},"204":{"start":{"line":603,"column":56},"end":{"line":603,"column":67}},"205":{"start":{"line":607,"column":2},"end":{"line":615,"column":4}},"206":{"start":{"line":608,"column":4},"end":{"line":612,"column":16}},"207":{"start":{"line":614,"column":4},"end":{"line":614,"column":38}},"208":{"start":{"line":617,"column":2},"end":{"line":625,"column":4}},"209":{"start":{"line":618,"column":4},"end":{"line":622,"column":16}},"210":{"start":{"line":624,"column":4},"end":{"line":624,"column":38}},"211":{"start":{"line":627,"column":2},"end":{"line":648,"column":4}},"212":{"start":{"line":628,"column":4},"end":{"line":628,"column":98}},"213":{"start":{"line":628,"column":24},"end":{"line":628,"column":98}},"214":{"start":{"line":630,"column":4},"end":{"line":633,"column":16}},"215":{"start":{"line":635,"column":4},"end":{"line":647,"column":6}},"216":{"start":{"line":636,"column":6},"end":{"line":636,"column":28}},"217":{"start":{"line":638,"column":6},"end":{"line":641,"column":8}},"218":{"start":{"line":644,"column":6},"end":{"line":644,"column":72}},"219":{"start":{"line":644,"column":65},"end":{"line":644,"column":72}},"220":{"start":{"line":646,"column":6},"end":{"line":646,"column":53}},"221":{"start":{"line":646,"column":42},"end":{"line":646,"column":53}},"222":{"start":{"line":651,"column":2},"end":{"line":651,"column":20}},"223":{"start":{"line":660,"column":0},"end":{"line":778,"column":3}},"224":{"start":{"line":673,"column":4},"end":{"line":673,"column":28}},"225":{"start":{"line":676,"column":4},"end":{"line":676,"column":65}},"226":{"start":{"line":679,"column":4},"end":{"line":679,"column":56}},"227":{"start":{"line":682,"column":4},"end":{"line":682,"column":102}},"228":{"start":{"line":694,"column":4},"end":{"line":696,"column":5}},"229":{"start":{"line":695,"column":6},"end":{"line":695,"column":34}},"230":{"start":{"line":699,"column":4},"end":{"line":699,"column":42}},"231":{"start":{"line":701,"column":4},"end":{"line":701,"column":18}},"232":{"start":{"line":712,"column":4},"end":{"line":712,"column":40}},"233":{"start":{"line":714,"column":4},"end":{"line":714,"column":28}},"234":{"start":{"line":723,"column":4},"end":{"line":723,"column":23}},"235":{"start":{"line":732,"column":4},"end":{"line":734,"column":23}},"236":{"start":{"line":737,"column":4},"end":{"line":737,"column":77}},"237":{"start":{"line":740,"column":4},"end":{"line":749,"column":7}},"238":{"start":{"line":741,"column":6},"end":{"line":742,"column":53}},"239":{"start":{"line":744,"column":6},"end":{"line":744,"column":43}},"240":{"start":{"line":744,"column":36},"end":{"line":744,"column":43}},"241":{"start":{"line":746,"column":6},"end":{"line":748,"column":9}},"242":{"start":{"line":747,"column":8},"end":{"line":747,"column":45}},"243":{"start":{"line":751,"column":4},"end":{"line":751,"column":31}},"244":{"start":{"line":753,"column":4},"end":{"line":753,"column":16}},"245":{"start":{"line":760,"column":4},"end":{"line":762,"column":7}},"246":{"start":{"line":761,"column":6},"end":{"line":761,"column":21}},"247":{"start":{"line":764,"column":4},"end":{"line":764,"column":46}},"248":{"start":{"line":785,"column":0},"end":{"line":1099,"column":3}},"249":{"start":{"line":801,"column":4},"end":{"line":801,"column":28}},"250":{"start":{"line":804,"column":4},"end":{"line":804,"column":81}},"251":{"start":{"line":807,"column":4},"end":{"line":807,"column":65}},"252":{"start":{"line":810,"column":4},"end":{"line":810,"column":102}},"253":{"start":{"line":811,"column":4},"end":{"line":811,"column":132}},"254":{"start":{"line":814,"column":4},"end":{"line":814,"column":38}},"255":{"start":{"line":825,"column":4},"end":{"line":825,"column":54}},"256":{"start":{"line":825,"column":28},"end":{"line":825,"column":54}},"257":{"start":{"line":828,"column":4},"end":{"line":831,"column":15}},"258":{"start":{"line":834,"column":4},"end":{"line":834,"column":86}},"259":{"start":{"line":836,"column":4},"end":{"line":836,"column":18}},"260":{"start":{"line":846,"column":4},"end":{"line":849,"column":6}},"261":{"start":{"line":851,"column":4},"end":{"line":851,"column":41}},"262":{"start":{"line":853,"column":4},"end":{"line":853,"column":38}},"263":{"start":{"line":862,"column":4},"end":{"line":863,"column":22}},"264":{"start":{"line":866,"column":4},"end":{"line":866,"column":32}},"265":{"start":{"line":869,"column":4},"end":{"line":869,"column":69}},"266":{"start":{"line":869,"column":50},"end":{"line":869,"column":69}},"267":{"start":{"line":870,"column":4},"end":{"line":870,"column":36}},"268":{"start":{"line":870,"column":26},"end":{"line":870,"column":36}},"269":{"start":{"line":873,"column":4},"end":{"line":873,"column":53}},"270":{"start":{"line":873,"column":20},"end":{"line":873,"column":53}},"271":{"start":{"line":875,"column":4},"end":{"line":875,"column":14}},"272":{"start":{"line":885,"column":4},"end":{"line":885,"column":23}},"273":{"start":{"line":888,"column":4},"end":{"line":888,"column":41}},"274":{"start":{"line":891,"column":4},"end":{"line":891,"column":73}},"275":{"start":{"line":891,"column":44},"end":{"line":891,"column":69}},"276":{"start":{"line":893,"column":4},"end":{"line":893,"column":15}},"277":{"start":{"line":902,"column":4},"end":{"line":902,"column":29}},"278":{"start":{"line":904,"column":4},"end":{"line":912,"column":6}},"279":{"start":{"line":921,"column":4},"end":{"line":923,"column":23}},"280":{"start":{"line":926,"column":4},"end":{"line":928,"column":5}},"281":{"start":{"line":927,"column":6},"end":{"line":927,"column":49}},"282":{"start":{"line":931,"column":4},"end":{"line":931,"column":74}},"283":{"start":{"line":933,"column":4},"end":{"line":933,"column":62}},"284":{"start":{"line":933,"column":27},"end":{"line":933,"column":62}},"285":{"start":{"line":934,"column":4},"end":{"line":934,"column":58}},"286":{"start":{"line":934,"column":27},"end":{"line":934,"column":58}},"287":{"start":{"line":937,"column":4},"end":{"line":944,"column":7}},"288":{"start":{"line":938,"column":6},"end":{"line":939,"column":53}},"289":{"start":{"line":941,"column":6},"end":{"line":941,"column":43}},"290":{"start":{"line":941,"column":36},"end":{"line":941,"column":43}},"291":{"start":{"line":943,"column":6},"end":{"line":943,"column":44}},"292":{"start":{"line":946,"column":4},"end":{"line":946,"column":28}},"293":{"start":{"line":948,"column":4},"end":{"line":948,"column":16}},"294":{"start":{"line":957,"column":4},"end":{"line":964,"column":5}},"295":{"start":{"line":958,"column":6},"end":{"line":958,"column":28}},"296":{"start":{"line":961,"column":6},"end":{"line":961,"column":31}},"297":{"start":{"line":962,"column":6},"end":{"line":962,"column":66}},"298":{"start":{"line":963,"column":6},"end":{"line":963,"column":35}},"299":{"start":{"line":973,"column":4},"end":{"line":980,"column":5}},"300":{"start":{"line":974,"column":6},"end":{"line":974,"column":27}},"301":{"start":{"line":977,"column":6},"end":{"line":977,"column":31}},"302":{"start":{"line":978,"column":6},"end":{"line":978,"column":66}},"303":{"start":{"line":979,"column":6},"end":{"line":979,"column":36}},"304":{"start":{"line":989,"column":4},"end":{"line":989,"column":39}},"305":{"start":{"line":991,"column":4},"end":{"line":995,"column":5}},"306":{"start":{"line":992,"column":6},"end":{"line":992,"column":35}},"307":{"start":{"line":994,"column":6},"end":{"line":994,"column":24}},"308":{"start":{"line":997,"column":4},"end":{"line":997,"column":17}},"309":{"start":{"line":1007,"column":4},"end":{"line":1007,"column":42}},"310":{"start":{"line":1007,"column":35},"end":{"line":1007,"column":42}},"311":{"start":{"line":1010,"column":4},"end":{"line":1010,"column":43}},"312":{"start":{"line":1013,"column":4},"end":{"line":1013,"column":44}},"313":{"start":{"line":1021,"column":4},"end":{"line":1021,"column":46}},"314":{"start":{"line":1024,"column":4},"end":{"line":1024,"column":35}},"315":{"start":{"line":1033,"column":4},"end":{"line":1033,"column":32}},"316":{"start":{"line":1042,"column":4},"end":{"line":1042,"column":34}},"317":{"start":{"line":1051,"column":4},"end":{"line":1051,"column":32}},"318":{"start":{"line":1058,"column":4},"end":{"line":1058,"column":24}},"319":{"start":{"line":1065,"column":4},"end":{"line":1065,"column":23}},"320":{"start":{"line":1072,"column":4},"end":{"line":1072,"column":25}},"321":{"start":{"line":1074,"column":4},"end":{"line":1074,"column":46}},"322":{"start":{"line":1106,"column":0},"end":{"line":1122,"column":3}},"323":{"start":{"line":1136,"column":0},"end":{"line":1318,"column":3}},"324":{"start":{"line":1143,"column":4},"end":{"line":1143,"column":32}},"325":{"start":{"line":1146,"column":4},"end":{"line":1155,"column":5}},"326":{"start":{"line":1147,"column":6},"end":{"line":1147,"column":65}},"327":{"start":{"line":1147,"column":24},"end":{"line":1147,"column":65}},"328":{"start":{"line":1149,"column":6},"end":{"line":1149,"column":33}},"329":{"start":{"line":1151,"column":6},"end":{"line":1151,"column":47}},"330":{"start":{"line":1153,"column":9},"end":{"line":1155,"column":5}},"331":{"start":{"line":1154,"column":6},"end":{"line":1154,"column":33}},"332":{"start":{"line":1157,"column":4},"end":{"line":1157,"column":65}},"333":{"start":{"line":1157,"column":34},"end":{"line":1157,"column":65}},"334":{"start":{"line":1160,"column":4},"end":{"line":1160,"column":51}},"335":{"start":{"line":1162,"column":4},"end":{"line":1162,"column":52}},"336":{"start":{"line":1164,"column":4},"end":{"line":1164,"column":62}},"337":{"start":{"line":1167,"column":4},"end":{"line":1167,"column":33}},"338":{"start":{"line":1168,"column":4},"end":{"line":1168,"column":42}},"339":{"start":{"line":1169,"column":4},"end":{"line":1169,"column":66}},"340":{"start":{"line":1169,"column":28},"end":{"line":1169,"column":66}},"341":{"start":{"line":1170,"column":4},"end":{"line":1170,"column":62}},"342":{"start":{"line":1170,"column":28},"end":{"line":1170,"column":62}},"343":{"start":{"line":1181,"column":4},"end":{"line":1181,"column":29}},"344":{"start":{"line":1184,"column":4},"end":{"line":1184,"column":35}},"345":{"start":{"line":1194,"column":4},"end":{"line":1194,"column":22}},"346":{"start":{"line":1204,"column":4},"end":{"line":1204,"column":23}},"347":{"start":{"line":1212,"column":4},"end":{"line":1212,"column":39}},"348":{"start":{"line":1220,"column":4},"end":{"line":1220,"column":39}},"349":{"start":{"line":1232,"column":4},"end":{"line":1232,"column":32}},"350":{"start":{"line":1233,"column":4},"end":{"line":1233,"column":28}},"351":{"start":{"line":1233,"column":15},"end":{"line":1233,"column":28}},"352":{"start":{"line":1235,"column":4},"end":{"line":1237,"column":7}},"353":{"start":{"line":1236,"column":6},"end":{"line":1236,"column":16}},"354":{"start":{"line":1238,"column":4},"end":{"line":1238,"column":55}},"355":{"start":{"line":1240,"column":4},"end":{"line":1240,"column":28}},"356":{"start":{"line":1240,"column":15},"end":{"line":1240,"column":28}},"357":{"start":{"line":1249,"column":4},"end":{"line":1254,"column":41}},"358":{"start":{"line":1256,"column":4},"end":{"line":1263,"column":5}},"359":{"start":{"line":1258,"column":6},"end":{"line":1262,"column":9}},"360":{"start":{"line":1259,"column":8},"end":{"line":1259,"column":59}},"361":{"start":{"line":1261,"column":8},"end":{"line":1261,"column":36}},"362":{"start":{"line":1265,"column":4},"end":{"line":1265,"column":17}},"363":{"start":{"line":1274,"column":4},"end":{"line":1279,"column":5}},"364":{"start":{"line":1275,"column":6},"end":{"line":1275,"column":27}},"365":{"start":{"line":1277,"column":9},"end":{"line":1279,"column":5}},"366":{"start":{"line":1278,"column":6},"end":{"line":1278,"column":28}},"367":{"start":{"line":1281,"column":4},"end":{"line":1281,"column":66}},"368":{"start":{"line":1291,"column":4},"end":{"line":1291,"column":37}},"369":{"start":{"line":1294,"column":4},"end":{"line":1296,"column":5}},"370":{"start":{"line":1295,"column":6},"end":{"line":1295,"column":54}},"371":{"start":{"line":1299,"column":4},"end":{"line":1303,"column":5}},"372":{"start":{"line":1300,"column":6},"end":{"line":1300,"column":89}},"373":{"start":{"line":1300,"column":34},"end":{"line":1300,"column":89}},"374":{"start":{"line":1302,"column":6},"end":{"line":1302,"column":37}},"375":{"start":{"line":1306,"column":4},"end":{"line":1306,"column":50}},"376":{"start":{"line":1306,"column":33},"end":{"line":1306,"column":50}},"377":{"start":{"line":1309,"column":4},"end":{"line":1313,"column":5}},"378":{"start":{"line":1310,"column":6},"end":{"line":1310,"column":29}},"379":{"start":{"line":1312,"column":6},"end":{"line":1312,"column":45}},"380":{"start":{"line":1316,"column":4},"end":{"line":1316,"column":55}},"381":{"start":{"line":1325,"column":0},"end":{"line":1419,"column":3}},"382":{"start":{"line":1336,"column":6},"end":{"line":1336,"column":22}},"383":{"start":{"line":1337,"column":6},"end":{"line":1339,"column":12}},"384":{"start":{"line":1338,"column":8},"end":{"line":1338,"column":31}},"385":{"start":{"line":1342,"column":6},"end":{"line":1342,"column":35}},"386":{"start":{"line":1345,"column":6},"end":{"line":1345,"column":34}},"387":{"start":{"line":1348,"column":6},"end":{"line":1348,"column":33}},"388":{"start":{"line":1353,"column":4},"end":{"line":1353,"column":63}},"389":{"start":{"line":1355,"column":4},"end":{"line":1355,"column":29}},"390":{"start":{"line":1358,"column":4},"end":{"line":1358,"column":22}},"391":{"start":{"line":1360,"column":4},"end":{"line":1360,"column":96}},"392":{"start":{"line":1360,"column":65},"end":{"line":1360,"column":96}},"393":{"start":{"line":1361,"column":4},"end":{"line":1361,"column":58}},"394":{"start":{"line":1361,"column":35},"end":{"line":1361,"column":58}},"395":{"start":{"line":1363,"column":4},"end":{"line":1363,"column":32}},"396":{"start":{"line":1370,"column":4},"end":{"line":1370,"column":30}},"397":{"start":{"line":1372,"column":4},"end":{"line":1372,"column":16}},"398":{"start":{"line":1376,"column":4},"end":{"line":1376,"column":38}},"399":{"start":{"line":1377,"column":4},"end":{"line":1377,"column":56}},"400":{"start":{"line":1379,"column":4},"end":{"line":1383,"column":5}},"401":{"start":{"line":1380,"column":6},"end":{"line":1380,"column":40}},"402":{"start":{"line":1382,"column":6},"end":{"line":1382,"column":35}},"403":{"start":{"line":1391,"column":4},"end":{"line":1391,"column":26}},"404":{"start":{"line":1399,"column":4},"end":{"line":1399,"column":23}},"405":{"start":{"line":1400,"column":4},"end":{"line":1400,"column":24}},"406":{"start":{"line":1404,"column":4},"end":{"line":1404,"column":30}},"407":{"start":{"line":1404,"column":23},"end":{"line":1404,"column":30}},"408":{"start":{"line":1406,"column":4},"end":{"line":1406,"column":21}},"409":{"start":{"line":1410,"column":4},"end":{"line":1410,"column":31}},"410":{"start":{"line":1410,"column":24},"end":{"line":1410,"column":31}},"411":{"start":{"line":1412,"column":4},"end":{"line":1412,"column":20}},"412":{"start":{"line":1416,"column":4},"end":{"line":1416,"column":22}},"413":{"start":{"line":1424,"column":0},"end":{"line":1435,"column":3}},"414":{"start":{"line":1432,"column":4},"end":{"line":1432,"column":63}},"415":{"start":{"line":1440,"column":0},"end":{"line":1448,"column":3}},"416":{"start":{"line":1443,"column":4},"end":{"line":1443,"column":63}},"417":{"start":{"line":1445,"column":4},"end":{"line":1445,"column":38}},"418":{"start":{"line":1455,"column":0},"end":{"line":1531,"column":3}},"419":{"start":{"line":1465,"column":4},"end":{"line":1465,"column":63}},"420":{"start":{"line":1467,"column":4},"end":{"line":1467,"column":29}},"421":{"start":{"line":1469,"column":4},"end":{"line":1469,"column":36}},"422":{"start":{"line":1471,"column":4},"end":{"line":1475,"column":5}},"423":{"start":{"line":1474,"column":6},"end":{"line":1474,"column":35}},"424":{"start":{"line":1482,"column":4},"end":{"line":1487,"column":10}},"425":{"start":{"line":1484,"column":10},"end":{"line":1486,"column":16}},"426":{"start":{"line":1485,"column":12},"end":{"line":1485,"column":35}},"427":{"start":{"line":1490,"column":4},"end":{"line":1493,"column":5}},"428":{"start":{"line":1491,"column":6},"end":{"line":1491,"column":31}},"429":{"start":{"line":1492,"column":6},"end":{"line":1492,"column":13}},"430":{"start":{"line":1496,"column":4},"end":{"line":1496,"column":31}},"431":{"start":{"line":1497,"column":4},"end":{"line":1499,"column":5}},"432":{"start":{"line":1498,"column":6},"end":{"line":1498,"column":60}},"433":{"start":{"line":1501,"column":4},"end":{"line":1501,"column":52}},"434":{"start":{"line":1503,"column":4},"end":{"line":1508,"column":5}},"435":{"start":{"line":1504,"column":6},"end":{"line":1504,"column":31}},"436":{"start":{"line":1507,"column":6},"end":{"line":1507,"column":29}},"437":{"start":{"line":1512,"column":4},"end":{"line":1512,"column":31}},"438":{"start":{"line":1514,"column":4},"end":{"line":1514,"column":55}},"439":{"start":{"line":1518,"column":4},"end":{"line":1524,"column":9}},"440":{"start":{"line":1519,"column":6},"end":{"line":1519,"column":42}},"441":{"start":{"line":1519,"column":29},"end":{"line":1519,"column":42}},"442":{"start":{"line":1521,"column":6},"end":{"line":1521,"column":74}},"443":{"start":{"line":1521,"column":45},"end":{"line":1521,"column":74}},"444":{"start":{"line":1523,"column":6},"end":{"line":1523,"column":18}},"445":{"start":{"line":1526,"column":4},"end":{"line":1526,"column":37}},"446":{"start":{"line":1526,"column":24},"end":{"line":1526,"column":37}},"447":{"start":{"line":1527,"column":4},"end":{"line":1527,"column":23}},"448":{"start":{"line":1528,"column":4},"end":{"line":1528,"column":59}},"449":{"start":{"line":1536,"column":0},"end":{"line":1556,"column":3}},"450":{"start":{"line":1543,"column":4},"end":{"line":1543,"column":63}},"451":{"start":{"line":1545,"column":4},"end":{"line":1545,"column":36}},"452":{"start":{"line":1563,"column":0},"end":{"line":1621,"column":3}},"453":{"start":{"line":1571,"column":6},"end":{"line":1571,"column":35}},"454":{"start":{"line":1574,"column":6},"end":{"line":1574,"column":34}},"455":{"start":{"line":1577,"column":6},"end":{"line":1577,"column":33}},"456":{"start":{"line":1582,"column":4},"end":{"line":1582,"column":63}},"457":{"start":{"line":1584,"column":4},"end":{"line":1584,"column":38}},"458":{"start":{"line":1591,"column":4},"end":{"line":1591,"column":30}},"459":{"start":{"line":1593,"column":4},"end":{"line":1593,"column":16}},"460":{"start":{"line":1597,"column":4},"end":{"line":1597,"column":36}},"461":{"start":{"line":1601,"column":4},"end":{"line":1605,"column":5}},"462":{"start":{"line":1602,"column":6},"end":{"line":1602,"column":37}},"463":{"start":{"line":1604,"column":6},"end":{"line":1604,"column":38}},"464":{"start":{"line":1606,"column":4},"end":{"line":1606,"column":25}},"465":{"start":{"line":1610,"column":4},"end":{"line":1610,"column":30}},"466":{"start":{"line":1610,"column":23},"end":{"line":1610,"column":30}},"467":{"start":{"line":1612,"column":4},"end":{"line":1612,"column":21}},"468":{"start":{"line":1616,"column":4},"end":{"line":1616,"column":31}},"469":{"start":{"line":1616,"column":24},"end":{"line":1616,"column":31}},"470":{"start":{"line":1618,"column":4},"end":{"line":1618,"column":20}},"471":{"start":{"line":1632,"column":0},"end":{"line":1860,"column":3}},"472":{"start":{"line":1641,"column":6},"end":{"line":1641,"column":22}},"473":{"start":{"line":1642,"column":6},"end":{"line":1644,"column":12}},"474":{"start":{"line":1643,"column":8},"end":{"line":1643,"column":31}},"475":{"start":{"line":1647,"column":6},"end":{"line":1647,"column":35}},"476":{"start":{"line":1650,"column":6},"end":{"line":1650,"column":34}},"477":{"start":{"line":1653,"column":6},"end":{"line":1653,"column":33}},"478":{"start":{"line":1658,"column":4},"end":{"line":1658,"column":63}},"479":{"start":{"line":1660,"column":4},"end":{"line":1660,"column":99}},"480":{"start":{"line":1660,"column":46},"end":{"line":1660,"column":99}},"481":{"start":{"line":1664,"column":4},"end":{"line":1664,"column":41}},"482":{"start":{"line":1666,"column":4},"end":{"line":1666,"column":16}},"483":{"start":{"line":1675,"column":4},"end":{"line":1675,"column":20}},"484":{"start":{"line":1678,"column":4},"end":{"line":1703,"column":5}},"485":{"start":{"line":1679,"column":6},"end":{"line":1679,"column":31}},"486":{"start":{"line":1682,"column":6},"end":{"line":1690,"column":7}},"487":{"start":{"line":1683,"column":8},"end":{"line":1683,"column":36}},"488":{"start":{"line":1685,"column":8},"end":{"line":1689,"column":11}},"489":{"start":{"line":1687,"column":12},"end":{"line":1687,"column":40}},"490":{"start":{"line":1694,"column":9},"end":{"line":1703,"column":5}},"491":{"start":{"line":1695,"column":6},"end":{"line":1697,"column":15}},"492":{"start":{"line":1696,"column":8},"end":{"line":1696,"column":35}},"493":{"start":{"line":1702,"column":6},"end":{"line":1702,"column":34}},"494":{"start":{"line":1714,"column":4},"end":{"line":1715,"column":13}},"495":{"start":{"line":1717,"column":4},"end":{"line":1717,"column":41}},"496":{"start":{"line":1720,"column":4},"end":{"line":1720,"column":23}},"497":{"start":{"line":1723,"column":4},"end":{"line":1723,"column":30}},"498":{"start":{"line":1727,"column":4},"end":{"line":1727,"column":13}},"499":{"start":{"line":1729,"column":4},"end":{"line":1754,"column":5}},"500":{"start":{"line":1730,"column":6},"end":{"line":1730,"column":21}},"501":{"start":{"line":1734,"column":9},"end":{"line":1754,"column":5}},"502":{"start":{"line":1735,"column":6},"end":{"line":1735,"column":40}},"503":{"start":{"line":1739,"column":9},"end":{"line":1754,"column":5}},"504":{"start":{"line":1740,"column":6},"end":{"line":1740,"column":45}},"505":{"start":{"line":1743,"column":9},"end":{"line":1754,"column":5}},"506":{"start":{"line":1744,"column":6},"end":{"line":1744,"column":21}},"507":{"start":{"line":1746,"column":6},"end":{"line":1748,"column":15}},"508":{"start":{"line":1747,"column":8},"end":{"line":1747,"column":26}},"509":{"start":{"line":1750,"column":6},"end":{"line":1750,"column":46}},"510":{"start":{"line":1753,"column":6},"end":{"line":1753,"column":41}},"511":{"start":{"line":1756,"column":4},"end":{"line":1756,"column":16}},"512":{"start":{"line":1760,"column":4},"end":{"line":1760,"column":39}},"513":{"start":{"line":1761,"column":4},"end":{"line":1761,"column":56}},"514":{"start":{"line":1763,"column":4},"end":{"line":1767,"column":5}},"515":{"start":{"line":1764,"column":6},"end":{"line":1764,"column":40}},"516":{"start":{"line":1766,"column":6},"end":{"line":1766,"column":35}},"517":{"start":{"line":1771,"column":4},"end":{"line":1771,"column":26}},"518":{"start":{"line":1775,"column":4},"end":{"line":1775,"column":23}},"519":{"start":{"line":1776,"column":4},"end":{"line":1776,"column":24}},"520":{"start":{"line":1780,"column":4},"end":{"line":1780,"column":30}},"521":{"start":{"line":1780,"column":23},"end":{"line":1780,"column":30}},"522":{"start":{"line":1782,"column":4},"end":{"line":1782,"column":21}},"523":{"start":{"line":1786,"column":4},"end":{"line":1786,"column":31}},"524":{"start":{"line":1786,"column":24},"end":{"line":1786,"column":31}},"525":{"start":{"line":1788,"column":4},"end":{"line":1788,"column":20}},"526":{"start":{"line":1798,"column":4},"end":{"line":1798,"column":19}},"527":{"start":{"line":1799,"column":4},"end":{"line":1801,"column":7}},"528":{"start":{"line":1800,"column":6},"end":{"line":1800,"column":61}},"529":{"start":{"line":1804,"column":4},"end":{"line":1804,"column":40}},"530":{"start":{"line":1806,"column":4},"end":{"line":1806,"column":16}},"531":{"start":{"line":1815,"column":4},"end":{"line":1815,"column":19}},"532":{"start":{"line":1816,"column":4},"end":{"line":1820,"column":5}},"533":{"start":{"line":1817,"column":6},"end":{"line":1819,"column":7}},"534":{"start":{"line":1818,"column":8},"end":{"line":1818,"column":50}},"535":{"start":{"line":1823,"column":4},"end":{"line":1823,"column":40}},"536":{"start":{"line":1825,"column":4},"end":{"line":1825,"column":16}},"537":{"start":{"line":1837,"column":4},"end":{"line":1837,"column":19}},"538":{"start":{"line":1840,"column":4},"end":{"line":1855,"column":13}},"539":{"start":{"line":1841,"column":6},"end":{"line":1854,"column":7}},"540":{"start":{"line":1842,"column":8},"end":{"line":1850,"column":9}},"541":{"start":{"line":1843,"column":10},"end":{"line":1845,"column":58}},"542":{"start":{"line":1846,"column":10},"end":{"line":1846,"column":36}},"543":{"start":{"line":1848,"column":10},"end":{"line":1848,"column":71}},"544":{"start":{"line":1849,"column":10},"end":{"line":1849,"column":71}},"545":{"start":{"line":1853,"column":8},"end":{"line":1853,"column":54}},"546":{"start":{"line":1857,"column":4},"end":{"line":1857,"column":16}},"547":{"start":{"line":1871,"column":0},"end":{"line":1975,"column":3}},"548":{"start":{"line":1877,"column":6},"end":{"line":1877,"column":35}},"549":{"start":{"line":1880,"column":6},"end":{"line":1880,"column":32}},"550":{"start":{"line":1880,"column":25},"end":{"line":1880,"column":32}},"551":{"start":{"line":1881,"column":6},"end":{"line":1881,"column":34}},"552":{"start":{"line":1884,"column":6},"end":{"line":1884,"column":33}},"553":{"start":{"line":1884,"column":26},"end":{"line":1884,"column":33}},"554":{"start":{"line":1885,"column":6},"end":{"line":1885,"column":22}},"555":{"start":{"line":1886,"column":6},"end":{"line":1889,"column":12}},"556":{"start":{"line":1887,"column":8},"end":{"line":1887,"column":57}},"557":{"start":{"line":1887,"column":50},"end":{"line":1887,"column":57}},"558":{"start":{"line":1888,"column":8},"end":{"line":1888,"column":35}},"559":{"start":{"line":1899,"column":4},"end":{"line":1899,"column":61}},"560":{"start":{"line":1903,"column":4},"end":{"line":1903,"column":53}},"561":{"start":{"line":1907,"column":4},"end":{"line":1907,"column":23}},"562":{"start":{"line":1908,"column":4},"end":{"line":1908,"column":45}},"563":{"start":{"line":1912,"column":4},"end":{"line":1912,"column":30}},"564":{"start":{"line":1912,"column":23},"end":{"line":1912,"column":30}},"565":{"start":{"line":1914,"column":4},"end":{"line":1914,"column":54}},"566":{"start":{"line":1915,"column":4},"end":{"line":1918,"column":5}},"567":{"start":{"line":1916,"column":6},"end":{"line":1916,"column":22}},"568":{"start":{"line":1917,"column":6},"end":{"line":1917,"column":13}},"569":{"start":{"line":1920,"column":4},"end":{"line":1920,"column":48}},"570":{"start":{"line":1924,"column":4},"end":{"line":1924,"column":31}},"571":{"start":{"line":1924,"column":24},"end":{"line":1924,"column":31}},"572":{"start":{"line":1926,"column":4},"end":{"line":1926,"column":45}},"573":{"start":{"line":1936,"column":4},"end":{"line":1936,"column":20}},"574":{"start":{"line":1938,"column":4},"end":{"line":1940,"column":21}},"575":{"start":{"line":1942,"column":4},"end":{"line":1958,"column":7}},"576":{"start":{"line":1943,"column":6},"end":{"line":1946,"column":8}},"577":{"start":{"line":1948,"column":6},"end":{"line":1955,"column":7}},"578":{"start":{"line":1949,"column":8},"end":{"line":1949,"column":72}},"579":{"start":{"line":1950,"column":8},"end":{"line":1950,"column":34}},"580":{"start":{"line":1951,"column":8},"end":{"line":1951,"column":42}},"581":{"start":{"line":1953,"column":8},"end":{"line":1953,"column":28}},"582":{"start":{"line":1954,"column":8},"end":{"line":1954,"column":28}},"583":{"start":{"line":1957,"column":6},"end":{"line":1957,"column":18}},"584":{"start":{"line":1960,"column":4},"end":{"line":1960,"column":38}},"585":{"start":{"line":1986,"column":0},"end":{"line":2078,"column":3}},"586":{"start":{"line":1994,"column":6},"end":{"line":1994,"column":35}},"587":{"start":{"line":1997,"column":6},"end":{"line":1997,"column":32}},"588":{"start":{"line":1997,"column":25},"end":{"line":1997,"column":32}},"589":{"start":{"line":1998,"column":6},"end":{"line":1998,"column":34}},"590":{"start":{"line":2001,"column":6},"end":{"line":2001,"column":33}},"591":{"start":{"line":2001,"column":26},"end":{"line":2001,"column":33}},"592":{"start":{"line":2002,"column":6},"end":{"line":2002,"column":22}},"593":{"start":{"line":2003,"column":6},"end":{"line":2006,"column":12}},"594":{"start":{"line":2004,"column":8},"end":{"line":2004,"column":60}},"595":{"start":{"line":2004,"column":53},"end":{"line":2004,"column":60}},"596":{"start":{"line":2005,"column":8},"end":{"line":2005,"column":35}},"597":{"start":{"line":2011,"column":4},"end":{"line":2011,"column":20}},"598":{"start":{"line":2012,"column":4},"end":{"line":2012,"column":20}},"599":{"start":{"line":2013,"column":4},"end":{"line":2015,"column":7}},"600":{"start":{"line":2014,"column":6},"end":{"line":2014,"column":38}},"601":{"start":{"line":2016,"column":4},"end":{"line":2016,"column":18}},"602":{"start":{"line":2020,"column":4},"end":{"line":2020,"column":46}},"603":{"start":{"line":2020,"column":28},"end":{"line":2020,"column":46}},"604":{"start":{"line":2021,"column":4},"end":{"line":2021,"column":24}},"605":{"start":{"line":2022,"column":4},"end":{"line":2022,"column":47}},"606":{"start":{"line":2026,"column":4},"end":{"line":2026,"column":30}},"607":{"start":{"line":2026,"column":23},"end":{"line":2026,"column":30}},"608":{"start":{"line":2028,"column":4},"end":{"line":2028,"column":51}},"609":{"start":{"line":2032,"column":4},"end":{"line":2032,"column":31}},"610":{"start":{
[...]
"column":86}},"127":{"start":{"line":300,"column":6},"end":{"line":300,"column":31}},"128":{"start":{"line":304,"column":6},"end":{"line":304,"column":25}},"129":{"start":{"line":307,"column":6},"end":{"line":314,"column":18}},"130":{"start":{"line":317,"column":6},"end":{"line":317,"column":43}},"131":{"start":{"line":319,"column":6},"end":{"line":319,"column":55}},"132":{"start":{"line":322,"column":6},"end":{"line":322,"column":27}},"133":{"start":{"line":324,"column":6},"end":{"line":324,"column":18}},"134":{"start":{"line":328,"column":6},"end":{"line":328,"column":36}},"135":{"start":{"line":332,"column":6},"end":{"line":332,"column":34}},"136":{"start":{"line":336,"column":6},"end":{"line":336,"column":26}},"137":{"start":{"line":340,"column":6},"end":{"line":340,"column":25}},"138":{"start":{"line":344,"column":6},"end":{"line":344,"column":27}},"139":{"start":{"line":346,"column":6},"end":{"line":346,"column":48}},"140":{"start":{"line":350,"column":6},"end":{"line":353,"column":43}},"141":{"start":{"line":355,"column":6},"end":{"line":357,"column":7}},"142":{"start":{"line":356,"column":8},"end":{"line":356,"column":49}},"143":{"start":{"line":359,"column":6},"end":{"line":359,"column":35}},"144":{"start":{"line":359,"column":23},"end":{"line":359,"column":35}},"145":{"start":{"line":362,"column":6},"end":{"line":362,"column":23}},"146":{"start":{"line":363,"column":6},"end":{"line":367,"column":9}},"147":{"start":{"line":364,"column":8},"end":{"line":364,"column":59}},"148":{"start":{"line":366,"column":8},"end":{"line":366,"column":36}},"149":{"start":{"line":370,"column":6},"end":{"line":374,"column":7}},"150":{"start":{"line":371,"column":8},"end":{"line":371,"column":29}},"151":{"start":{"line":373,"column":8},"end":{"line":373,"column":26}},"152":{"start":{"line":377,"column":6},"end":{"line":377,"column":34}},"153":{"start":{"line":384,"column":6},"end":{"line":384,"column":45}},"154":{"start":{"line":385,"column":6},"end":{"line":385,"column":42}},"155":{"start":{"line":392,"column":6},"end":{"line":392,"column":48}},"156":{"start":{"line":393,"column":6},"end":{"line":393,"column":35}},"157":{"start":{"line":414,"column":2},"end":{"line":618,"column":5}},"158":{"start":{"line":429,"column":6},"end":{"line":429,"column":30}},"159":{"start":{"line":431,"column":6},"end":{"line":431,"column":65}},"160":{"start":{"line":434,"column":6},"end":{"line":434,"column":95}},"161":{"start":{"line":434,"column":49},"end":{"line":434,"column":95}},"162":{"start":{"line":436,"column":6},"end":{"line":436,"column":31}},"163":{"start":{"line":437,"column":6},"end":{"line":437,"column":76}},"164":{"start":{"line":437,"column":25},"end":{"line":437,"column":76}},"165":{"start":{"line":440,"column":6},"end":{"line":440,"column":68}},"166":{"start":{"line":447,"column":6},"end":{"line":447,"column":22}},"167":{"start":{"line":450,"column":6},"end":{"line":461,"column":7}},"168":{"start":{"line":451,"column":8},"end":{"line":451,"column":26}},"169":{"start":{"line":456,"column":8},"end":{"line":456,"column":29}},"170":{"start":{"line":458,"column":8},"end":{"line":460,"column":14}},"171":{"start":{"line":459,"column":10},"end":{"line":459,"column":37}},"172":{"start":{"line":463,"column":6},"end":{"line":463,"column":52}},"173":{"start":{"line":463,"column":25},"end":{"line":463,"column":52}},"174":{"start":{"line":465,"column":6},"end":{"line":465,"column":18}},"175":{"start":{"line":472,"column":6},"end":{"line":474,"column":11}},"176":{"start":{"line":485,"column":6},"end":{"line":489,"column":8}},"177":{"start":{"line":486,"column":8},"end":{"line":486,"column":35}},"178":{"start":{"line":488,"column":8},"end":{"line":488,"column":62}},"179":{"start":{"line":491,"column":6},"end":{"line":491,"column":26}},"180":{"start":{"line":494,"column":6},"end":{"line":494,"column":21}},"181":{"start":{"line":495,"column":6},"end":{"line":502,"column":9}},"182":{"start":{"line":496,"column":8},"end":{"line":497,"column":29}},"183":{"start":{"line":499,"column":8},"end":{"line":499,"column":58}},"184":{"start":{"line":499,"column":49},"end":{"line":499,"column":58}},"185":{"start":{"line":501,"column":8},"end":{"line":501,"column":38}},"186":{"start":{"line":504,"column":6},"end":{"line":504,"column":34}},"187":{"start":{"line":511,"column":6},"end":{"line":512,"column":34}},"188":{"start":{"line":514,"column":6},"end":{"line":514,"column":45}},"189":{"start":{"line":514,"column":28},"end":{"line":514,"column":45}},"190":{"start":{"line":517,"column":6},"end":{"line":517,"column":65}},"191":{"start":{"line":517,"column":31},"end":{"line":517,"column":65}},"192":{"start":{"line":520,"column":6},"end":{"line":520,"column":38}},"193":{"start":{"line":524,"column":6},"end":{"line":525,"column":44}},"194":{"start":{"line":527,"column":6},"end":{"line":530,"column":9}},"195":{"start":{"line":532,"column":6},"end":{"line":535,"column":9}},"196":{"start":{"line":537,"column":6},"end":{"line":537,"column":19}},"197":{"start":{"line":539,"column":6},"end":{"line":539,"column":33}},"198":{"start":{"line":540,"column":6},"end":{"line":540,"column":34}},"199":{"start":{"line":542,"column":6},"end":{"line":542,"column":51}},"200":{"start":{"line":544,"column":6},"end":{"line":544,"column":58}},"201":{"start":{"line":552,"column":6},"end":{"line":554,"column":30}},"202":{"start":{"line":557,"column":6},"end":{"line":557,"column":34}},"203":{"start":{"line":558,"column":6},"end":{"line":558,"column":45}},"204":{"start":{"line":558,"column":17},"end":{"line":558,"column":45}},"205":{"start":{"line":561,"column":6},"end":{"line":561,"column":35}},"206":{"start":{"line":564,"column":6},"end":{"line":564,"column":27}},"207":{"start":{"line":566,"column":6},"end":{"line":566,"column":44}},"208":{"start":{"line":566,"column":17},"end":{"line":566,"column":44}},"209":{"start":{"line":568,"column":6},"end":{"line":568,"column":35}},"210":{"start":{"line":570,"column":6},"end":{"line":570,"column":27}},"211":{"start":{"line":577,"column":6},"end":{"line":577,"column":24}},"212":{"start":{"line":578,"column":6},"end":{"line":578,"column":28}},"213":{"start":{"line":580,"column":6},"end":{"line":580,"column":34}},"214":{"start":{"line":581,"column":6},"end":{"line":581,"column":33}},"215":{"start":{"line":585,"column":6},"end":{"line":585,"column":24}},"216":{"start":{"line":589,"column":6},"end":{"line":589,"column":25}},"217":{"start":{"line":593,"column":6},"end":{"line":593,"column":32}},"218":{"start":{"line":593,"column":25},"end":{"line":593,"column":32}},"219":{"start":{"line":595,"column":6},"end":{"line":595,"column":24}},"220":{"start":{"line":599,"column":6},"end":{"line":599,"column":33}},"221":{"start":{"line":599,"column":26},"end":{"line":599,"column":33}},"222":{"start":{"line":601,"column":6},"end":{"line":603,"column":7}},"223":{"start":{"line":602,"column":8},"end":{"line":602,"column":37}},"224":{"start":{"line":621,"column":2},"end":{"line":631,"column":5}},"225":{"start":{"line":623,"column":6},"end":{"line":623,"column":74}},"226":{"start":{"line":625,"column":6},"end":{"line":625,"column":31}},"227":{"start":{"line":627,"column":6},"end":{"line":627,"column":91}},"228":{"start":{"line":627,"column":29},"end":{"line":627,"column":91}},"229":{"start":{"line":629,"column":6},"end":{"line":629,"column":43}},"230":{"start":{"line":634,"column":2},"end":{"line":662,"column":5}},"231":{"start":{"line":636,"column":6},"end":{"line":636,"column":74}},"232":{"start":{"line":638,"column":6},"end":{"line":638,"column":31}},"233":{"start":{"line":640,"column":6},"end":{"line":640,"column":83}},"234":{"start":{"line":640,"column":25},"end":{"line":640,"column":83}},"235":{"start":{"line":642,"column":6},"end":{"line":642,"column":55}},"236":{"start":{"line":644,"column":6},"end":{"line":644,"column":87}},"237":{"start":{"line":651,"column":6},"end":{"line":652,"column":34}},"238":{"start":{"line":654,"column":6},"end":{"line":654,"column":40}},"239":{"start":{"line":654,"column":28},"end":{"line":654,"column":40}},"240":{"start":{"line":657,"column":6},"end":{"line":657,"column":65}},"241":{"start":{"line":657,"column":31},"end":{"line":657,"column":65}},"242":{"start":{"line":660,"column":6},"end":{"line":660,"column":50}}},"branchMap":{"1":{"line":22,"type":"binary-expr","locations":[{"start":{"line":22,"column":16},"end":{"line":22,"column":23}},{"start":{"line":22,"column":27},"end":{"line":22,"column":29}}]},"2":{"line":29,"type":"if","locations":[{"start":{"line":29,"column":6},"end":{"line":29,"column":6}},{"start":{"line":29,"column":6},"end":{"line":29,"column":6}}]},"3":{"line":35,"type":"binary-expr","locations":[{"start":{"line":35,"column":22},"end":{"line":35,"column":38}},{"start":{"line":35,"column":42},"end":{"line":35,"column":61}},{"start":{"line":35,"column":65},"end":{"line":35,"column":90}}]},"4":{"line":42,"type":"if","locations":[{"start":{"line":42,"column":8},"end":{"line":42,"column":8}},{"start":{"line":42,"column":8},"end":{"line":42,"column":8}}]},"5":{"line":45,"type":"if","locations":[{"start":{"line":45,"column":8},"end":{"line":45,"column":8}},{"start":{"line":45,"column":8},"end":{"line":45,"column":8}}]},"6":{"line":48,"type":"cond-expr","locations":[{"start":{"line":48,"column":36},"end":{"line":48,"column":49}},{"start":{"line":48,"column":52},"end":{"line":48,"column":56}}]},"7":{"line":51,"type":"binary-expr","locations":[{"start":{"line":51,"column":22},"end":{"line":51,"column":38}},{"start":{"line":51,"column":42},"end":{"line":51,"column":59}}]},"8":{"line":58,"type":"binary-expr","locations":[{"start":{"line":58,"column":18},"end":{"line":58,"column":28}},{"start":{"line":58,"column":32},"end":{"line":58,"column":34}}]},"9":{"line":67,"type":"cond-expr","locations":[{"start":{"line":67,"column":44},"end":{"line":67,"column":47}},{"start":{"line":67,"column":50},"end":{"line":67,"column":74}}]},"10":{"line":70,"type":"if","locations":[{"start":{"line":70,"column":6},"end":{"line":70,"column":6}},{"start":{"line":70,"column":6},"end":{"line":70,"column":6}}]},"11":{"line":78,"type":"if","locations":[{"start":{"line":78,"column":8},"end":{"line":78,"column":8}},{"start":{"line":78,"column":8},"end":{"line":78,"column":8}}]},"12":{"line":85,"type":"if","locations":[{"start":{"line":85,"column":6},"end":{"line":85,"column":6}},{"start":{"line":85,"column":6},"end":{"line":85,"column":6}}]},"13":{"line":114,"type":"if","locations":[{"start":{"line":114,"column":10},"end":{"line":114,"column":10}},{"start":{"line":114,"column":10},"end":{"line":114,"column":10}}]},"14":{"line":126,"type":"if","locations":[{"start":{"line":126,"column":10},"end":{"line":126,"column":10}},{"start":{"line":126,"column":10},"end":{"line":126,"column":10}}]},"15":{"line":135,"type":"if","locations":[{"start":{"line":135,"column":10},"end":{"line":135,"column":10}},{"start":{"line":135,"column":10},"end":{"line":135,"column":10}}]},"16":{"line":139,"type":"if","locations":[{"start":{"line":139,"column":10},"end":{"line":139,"column":10}},{"start":{"line":139,"column":10},"end":{"line":139,"column":10}}]},"17":{"line":142,"type":"if","locations":[{"start":{"line":142,"column":12},"end":{"line":142,"column":12}},{"start":{"line":142,"column":12},"end":{"line":142,"column":12}}]},"18":{"line":147,"type":"if","locations":[{"start":{"line":147,"column":8},"end":{"line":147,"column":8}},{"start":{"line":147,"column":8},"end":{"line":147,"column":8}}]},"19":{"line":147,"type":"binary-expr","locations":[{"start":{"line":147,"column":12},"end":{"line":147,"column":25}},{"start":{"line":147,"column":29},"end":{"line":147,"column":34}}]},"20":{"line":151,"type":"if","locations":[{"start":{"line":151,"column":8},"end":{"line":151,"column":8}},{"start":{"line":151,"column":8},"end":{"line":151,"column":8}}]},"21":{"line":158,"type":"if","locations":[{"start":{"line":158,"column":6},"end":{"line":158,"column":6}},{"start":{"line":158,"column":6},"end":{"line":158,"column":6}}]},"22":{"line":178,"type":"if","locations":[{"start":{"line":178,"column":6},"end":{"line":178,"column":6}},{"start":{"line":178,"column":6},"end":{"line":178,"column":6}}]},"23":{"line":178,"type":"binary-expr","locations":[{"start":{"line":178,"column":10},"end":{"line":178,"column":20}},{"start":{"line":178,"column":24},"end":{"line":178,"column":44}}]},"24":{"line":185,"type":"if","locations":[{"start":{"line":185,"column":6},"end":{"line":185,"column":6}},{"start":{"line":185,"column":6},"end":{"line":185,"column":6}}]},"25":{"line":190,"type":"if","locations":[{"start":{"line":190,"column":6},"end":{"line":190,"column":6}},{"start":{"line":190,"column":6},"end":{"line":190,"column":6}}]},"26":{"line":190,"type":"binary-expr","locations":[{"start":{"line":190,"column":10},"end":{"line":190,"column":28}},{"start":{"line":190,"column":32},"end":{"line":190,"column":52}}]},"27":{"line":208,"type":"if","locations":[{"start":{"line":208,"column":6},"end":{"line":208,"column":6}},{"start":{"line":208,"column":6},"end":{"line":208,"column":6}}]},"28":{"line":210,"type":"if","locations":[{"start":{"line":210,"column":6},"end":{"line":210,"column":6}},{"start":{"line":210,"column":6},"end":{"line":210,"column":6}}]},"29":{"line":214,"type":"if","locations":[{"start":{"line":214,"column":6},"end":{"line":214,"column":6}},{"start":{"line":214,"column":6},"end":{"line":214,"column":6}}]},"30":{"line":218,"type":"if","locations":[{"start":{"line":218,"column":6},"end":{"line":218,"column":6}},{"start":{"line":218,"column":6},"end":{"line":218,"column":6}}]},"31":{"line":243,"type":"cond-expr","locations":[{"start":{"line":243,"column":49},"end":{"line":243,"column":53}},{"start":{"line":243,"column":56},"end":{"line":243,"column":61}}]},"32":{"line":244,"type":"if","locations":[{"start":{"line":244,"column":6},"end":{"line":244,"column":6}},{"start":{"line":244,"column":6},"end":{"line":244,"column":6}}]},"33":{"line":285,"type":"if","locations":[{"start":{"line":285,"column":8},"end":{"line":285,"column":8}},{"start":{"line":285,"column":8},"end":{"line":285,"column":8}}]},"34":{"line":294,"type":"binary-expr","locations":[{"start":{"line":294,"column":20},"end":{"line":294,"column":34}},{"start":{"line":294,"column":38},"end":{"line":294,"column":54}}]},"35":{"line":296,"type":"binary-expr","locations":[{"start":{"line":296,"column":20},"end":{"line":296,"column":34}},{"start":{"line":296,"column":38},"end":{"line":296,"column":55}}]},"36":{"line":298,"type":"binary-expr","locations":[{"start":{"line":298,"column":22},"end":{"line":298,"column":38}},{"start":{"line":298,"column":42},"end":{"line":298,"column":66}},{"start":{"line":298,"column":70},"end":{"line":298,"column":95}}]},"37":{"line":299,"type":"binary-expr","locations":[{"start":{"line":299,"column":28},"end":{"line":299,"column":50}},{"start":{"line":299,"column":54},"end":{"line":299,"column":85}}]},"38":{"line":351,"type":"cond-expr","locations":[{"start":{"line":351,"column":40},"end":{"line":351,"column":65}},{"start":{"line":351,"column":68},"end":{"line":351,"column":70}}]},"39":{"line":355,"type":"if","locations":[{"start":{"line":355,"column":6},"end":{"line":355,"column":6}},{"start":{"line":355,"column":6},"end":{"line":355,"column":6}}]},"40":{"line":355,"type":"binary-expr","locations":[{"start":{"line":355,"column":10},"end":{"line":355,"column":32}},{"start":{"line":355,"column":36},"end":{"line":355,"column":67}}]},"41":{"line":359,"type":"if","locations":[{"start":{"line":359,"column":6},"end":{"line":359,"column":6}},{"start":{"line":359,"column":6},"end":{"line":359,"column":6}}]},"42":{"line":366,"type":"cond-expr","locations":[{"start":{"line":366,"column":23},"end":{"line":366,"column":28}},{"start":{"line":366,"column":31},"end":{"line":366,"column":35}}]},"43":{"line":370,"type":"if","locations":[{"start":{"line":370,"column":6},"end":{"line":370,"column":6}},{"start":{"line":370,"column":6},"end":{"line":370,"column":6}}]},"44":{"line":377,"type":"cond-expr","locations":[{"start":{"line":377,"column":21},"end":{"line":377,"column":26}},{"start":{"line":377,"column":29},"end":{"line":377,"column":33}}]},"45":{"line":429,"type":"binary-expr","locations":[{"start":{"line":429,"column":16},"end":{"line":429,"column":23}},{"start":{"line":429,"column":27},"end":{"line":429,"column":29}}]},"46":{"line":434,"type":"if","locations":[{"start":{"line":434,"column":6},"end":{"line":434,"column":6}},{"start":{"line":434,"column":6},"end":{"line":434,"column":6}}]},"47":{"line":437,"type":"if","locations":[{"start":{"line":437,"column":6},"end":{"line":437,"column":6}},{"start":{"line":437,"column":6},"end":{"line":437,"column":6}}]},"48":{"line":440,"type":"binary-expr","locations":[{"start":{"line":440,"column":22},"end":{"line":440,"column":38}},{"start":{"line":440,"column":42},"end":{"line":440,"column":67}}]},"49":{"line":450,"type":"if","locations":[{"start":{"line":450,"column":6},"end":{"line":450,"column":6}},{"start":{"line":450,"column":6},"end":{"line":450,"column":6}}]},"50":{"line":463,"type":"if","locations":[{"start":{"line":463,"column":6},"end":{"line":463,"column":6}},{"start":{"line":463,"column":6},"end":{"line":463,"column":6}}]},"51":{"line":491,"type":"binary-expr","locations":[{"start":{"line":491,"column":14},"end":{"line":491,"column":19}},{"start":{"line":491,"column":23},"end":{"line":491,"column":25}}]},"52":{"line":496,"type":"cond-expr","locations":[{"start":{"line":496,"column":34},"end":{"line":496,"column":46}},{"start":{"line":496,"column":49},"end":{"line":496,"column":65}}]},"53":{"line":499,"type":"if","locations":[{"start":{"line":499,"column":8},"end":{"line":499,"column":8}},{"start":{"line":499,"column":8},"end":{"line":499,"column":8}}]},"54":{"line":499,"type":"binary-expr","locations":[{"start":{"line":499,"column":12},"end":{"line":499,"column":30}},{"start":{"line":499,"column":34},"end":{"line":499,"column":47}}]},"55":{"line":514,"type":"if","locations":[{"start":{"line":514,"column":6},"end":{"line":514,"column":6}},{"start":{"line":514,"column":6},"end":{"line":514,"column":6}}]},"56":{"line":517,"type":"if","locations":[{"start":{"line":517,"column":6},"end":{"line":517,"column":6}},{"start":{"line":517,"column":6},"end":{"line":517,"column":6}}]},"57":{"line":558,"type":"if","locations":[{"start":{"line":558,"column":6},"end":{"line":558,"column":6}},{"start":{"line":558,"column":6},"end":{"line":558,"column":6}}]},"58":{"line":566,"type":"if","locations":[{"start":{"line":566,"column":6},"end":{"line":566,"column":6}},{"start":{"line":566,"column":6},"end":{"line":566,"column":6}}]},"59":{"line":593,"type":"if","locations":[{"start":{"line":593,"column":6},"end":{"line":593,"column":6}},{"start":{"line":593,"column":6},"end":{"line":593,"column":6}}]},"60":{"line":599,"type":"if","locations":[{"start":{"line":599,"column":6},"end":{"line":599,"column":6}},{"start":{"line":599,"column":6},"end":{"line":599,"column":6}}]},"61":{"line":601,"type":"if","locations":[{"start":{"line":601,"column":6},"end":{"line":601,"column":6}},{"start":{"line":601,"column":6},"end":{"line":601,"column":6}}]},"62":{"line":627,"type":"if","locations":[{"start":{"line":627,"column":6},"end":{"line":627,"column":6}},{"start":{"line":627,"column":6},"end":{"line":627,"column":6}}]},"63":{"line":640,"type":"if","locations":[{"start":{"line":640,"column":6},"end":{"line":640,"column":6}},{"start":{"line":640,"column":6},"end":{"line":640,"column":6}}]},"64":{"line":644,"type":"cond-expr","locations":[{"start":{"line":644,"column":57},"end":{"line":644,"column":71}},{"start":{"line":644,"column":74},"end":{"line":644,"column":86}}]},"65":{"line":654,"type":"if","locations":[{"start":{"line":654,"column":6},"end":{"line":654,"column":6}},{"start":{"line":654,"column":6},"end":{"line":654,"column":6}}]},"66":{"line":657,"type":"if","locations":[{"start":{"line":657,"column":6},"end":{"line":657,"column":6}},{"start":{"line":657,"column":6},"end":{"line":657,"column":6}}]}}}}
